<?xml version="1.0" encoding="UTF-8"?>
<coverage generated="1782192854699" clover="3.2.0">
  <project timestamp="1782192854699" name="All files">
    <metrics statements="1001" coveredstatements="736" conditionals="1388" coveredconditionals="814" methods="370" coveredmethods="219" elements="2759" coveredelements="1769" complexity="0" loc="1001" ncloc="1001" packages="4" files="20" classes="20"/>
    <package name="lib">
      <metrics statements="829" coveredstatements="619" conditionals="1121" coveredconditionals="638" methods="317" coveredmethods="179"/>
      <file name="agent-action-format.ts" path="/Users/sarthak/Desktop/fleet/codevetter/apps/desktop/src/lib/agent-action-format.ts">
        <metrics statements="10" coveredstatements="8" conditionals="9" coveredconditionals="6" methods="2" coveredmethods="2"/>
        <line num="4" count="5" type="stmt"/>
        <line num="5" count="5" type="cond" truecount="5" falsecount="2"/>
        <line num="7" count="1" type="stmt"/>
        <line num="9" count="1" type="stmt"/>
        <line num="11" count="0" type="stmt"/>
        <line num="13" count="1" type="stmt"/>
        <line num="15" count="0" type="stmt"/>
        <line num="17" count="1" type="stmt"/>
        <line num="19" count="1" type="stmt"/>
        <line num="24" count="1" type="cond" truecount="1" falsecount="1"/>
      </file>
      <file name="agent-fix-packet.ts" path="/Users/sarthak/Desktop/fleet/codevetter/apps/desktop/src/lib/agent-fix-packet.ts">
        <metrics statements="65" coveredstatements="60" conditionals="90" coveredconditionals="48" methods="23" coveredmethods="23"/>
        <line num="77" count="7" type="stmt"/>
        <line num="79" count="9" type="stmt"/>
        <line num="84" count="1" type="stmt"/>
        <line num="86" count="5" type="stmt"/>
        <line num="87" count="2" type="stmt"/>
        <line num="88" count="1" type="cond" truecount="1" falsecount="1"/>
        <line num="92" count="1" type="stmt"/>
        <line num="94" count="5" type="stmt"/>
        <line num="95" count="5" type="stmt"/>
        <line num="96" count="1" type="stmt"/>
        <line num="98" count="1" type="stmt"/>
        <line num="108" count="2" type="cond" truecount="2" falsecount="2"/>
        <line num="109" count="2" type="stmt"/>
        <line num="111" count="0" type="cond" truecount="0" falsecount="2"/>
        <line num="112" count="0" type="stmt"/>
        <line num="114" count="0" type="cond" truecount="0" falsecount="2"/>
        <line num="115" count="0" type="stmt"/>
        <line num="117" count="0" type="stmt"/>
        <line num="131" count="1" type="stmt"/>
        <line num="132" count="1" type="stmt"/>
        <line num="134" count="1" type="stmt"/>
        <line num="136" count="1" type="stmt"/>
        <line num="139" count="1" type="stmt"/>
        <line num="153" count="1" type="stmt"/>
        <line num="154" count="1" type="stmt"/>
        <line num="155" count="1" type="stmt"/>
        <line num="157" count="1" type="cond" truecount="1" falsecount="1"/>
        <line num="158" count="1" type="stmt"/>
        <line num="168" count="1" type="cond" truecount="3" falsecount="1"/>
        <line num="169" count="1" type="stmt"/>
        <line num="181" count="1" type="stmt"/>
        <line num="194" count="1" type="stmt"/>
        <line num="195" count="1" type="stmt"/>
        <line num="196" count="1" type="stmt"/>
        <line num="197" count="1" type="stmt"/>
        <line num="198" count="1" type="cond" truecount="1" falsecount="1"/>
        <line num="199" count="1" type="stmt"/>
        <line num="200" count="1" type="stmt"/>
        <line num="201" count="1" type="cond" truecount="1" falsecount="1"/>
        <line num="202" count="1" type="cond" truecount="1" falsecount="1"/>
        <line num="203" count="1" type="stmt"/>
        <line num="204" count="2" type="stmt"/>
        <line num="206" count="1" type="cond" truecount="1" falsecount="1"/>
        <line num="207" count="1" type="stmt"/>
        <line num="208" count="1" type="stmt"/>
        <line num="210" count="1" type="cond" truecount="1" falsecount="1"/>
        <line num="211" count="1" type="stmt"/>
        <line num="212" count="1" type="stmt"/>
        <line num="217" count="1" type="stmt"/>
        <line num="218" count="1" type="stmt"/>
        <line num="221" count="1" type="stmt"/>
        <line num="222" count="1" type="stmt"/>
        <line num="233" count="1" type="cond" truecount="1" falsecount="1"/>
        <line num="234" count="1" type="stmt"/>
        <line num="235" count="2" type="stmt"/>
        <line num="239" count="1" type="stmt"/>
        <line num="240" count="1" type="stmt"/>
        <line num="241" count="1" type="cond" truecount="1" falsecount="1"/>
        <line num="244" count="1" type="stmt"/>
        <line num="245" count="1" type="stmt"/>
        <line num="246" count="1" type="cond" truecount="1" falsecount="1"/>
        <line num="247" count="1" type="cond" truecount="1" falsecount="1"/>
        <line num="248" count="2" type="stmt"/>
        <line num="258" count="2" type="stmt"/>
        <line num="261" count="1" type="stmt"/>
      </file>
      <file name="analytics.ts" path="/Users/sarthak/Desktop/fleet/codevetter/apps/desktop/src/lib/analytics.ts">
        <metrics statements="29" coveredstatements="28" conditionals="12" coveredconditionals="11" methods="5" coveredmethods="4"/>
        <line num="22" count="1" type="stmt"/>
        <line num="25" count="1" type="stmt"/>
        <line num="26" count="1" type="stmt"/>
        <line num="31" count="1" type="stmt"/>
        <line num="32" count="1" type="stmt"/>
        <line num="33" count="1" type="stmt"/>
        <line num="41" count="10" type="stmt"/>
        <line num="42" count="10" type="stmt"/>
        <line num="43" count="10" type="cond" truecount="2" falsecount="0"/>
        <line num="44" count="4" type="stmt"/>
        <line num="48" count="4" type="stmt"/>
        <line num="50" count="10" type="stmt"/>
        <line num="52" count="0" type="stmt"/>
        <line num="58" count="10" type="stmt"/>
        <line num="59" count="10" type="stmt"/>
        <line num="60" count="10" type="stmt"/>
        <line num="83" count="4" type="stmt"/>
        <line num="84" count="4" type="stmt"/>
        <line num="85" count="4" type="cond" truecount="2" falsecount="0"/>
        <line num="86" count="2" type="stmt"/>
        <line num="87" count="2" type="stmt"/>
        <line num="88" count="2" type="stmt"/>
        <line num="91" count="2" type="cond" truecount="2" falsecount="0"/>
        <line num="92" count="1" type="stmt"/>
        <line num="104" count="4" type="stmt"/>
        <line num="105" count="4" type="cond" truecount="2" falsecount="0"/>
        <line num="106" count="3" type="stmt"/>
        <line num="107" count="3" type="stmt"/>
        <line num="112" count="4" type="stmt"/>
      </file>
      <file name="quick-review-state.ts" path="/Users/sarthak/Desktop/fleet/codevetter/apps/desktop/src/lib/quick-review-state.ts">
        <metrics statements="10" coveredstatements="10" conditionals="6" coveredconditionals="4" methods="2" coveredmethods="2"/>
        <line num="2" count="2" type="cond" truecount="1" falsecount="1"/>
        <line num="3" count="2" type="cond" truecount="2" falsecount="0"/>
        <line num="5" count="1" type="stmt"/>
        <line num="6" count="1" type="cond" truecount="1" falsecount="1"/>
        <line num="7" count="1" type="stmt"/>
        <line num="11" count="1" type="stmt"/>
        <line num="12" count="1" type="stmt"/>
        <line num="13" count="1" type="stmt"/>
        <line num="14" count="30" type="stmt"/>
        <line num="16" count="1" type="stmt"/>
      </file>
      <file name="review-proof.ts" path="/Users/sarthak/Desktop/fleet/codevetter/apps/desktop/src/lib/review-proof.ts">
        <metrics statements="494" coveredstatements="457" conditionals="817" coveredconditionals="548" methods="129" coveredmethods="124"/>
        <line num="225" count="3" type="stmt"/>
        <line num="226" count="3" type="stmt"/>
        <line num="227" count="3" type="stmt"/>
        <line num="228" count="3" type="cond" truecount="2" falsecount="2"/>
        <line num="232" count="3" type="cond" truecount="5" falsecount="0"/>
        <line num="233" count="2" type="stmt"/>
        <line num="235" count="1" type="cond" truecount="3" falsecount="1"/>
        <line num="236" count="0" type="stmt"/>
        <line num="238" count="1" type="cond" truecount="3" falsecount="1"/>
        <line num="239" count="0" type="stmt"/>
        <line num="241" count="1" type="cond" truecount="3" falsecount="0"/>
        <line num="248" count="1" type="cond" truecount="4" falsecount="1"/>
        <line num="250" count="1" type="stmt"/>
        <line num="252" count="3" type="stmt"/>
        <line num="253" count="2" type="stmt"/>
        <line num="255" count="1" type="cond" truecount="1" falsecount="1"/>
        <line num="257" count="1" type="stmt"/>
        <line num="258" count="1" type="stmt"/>
        <line num="259" count="1" type="stmt"/>
        <line num="260" count="1" type="cond" truecount="2" falsecount="2"/>
        <line num="261" count="1" type="stmt"/>
        <line num="262" count="1" type="stmt"/>
        <line num="263" count="1" type="stmt"/>
        <line num="267" count="3" type="stmt"/>
        <line num="268" count="2" type="stmt"/>
        <line num="269" count="1" type="stmt"/>
        <line num="272" count="1" type="cond" truecount="3" falsecount="0"/>
        <line num="278" count="1" type="stmt"/>
        <line num="292" count="1" type="stmt"/>
        <line num="304" count="1" type="cond" truecount="1" falsecount="1"/>
        <line num="310" count="10" type="cond" truecount="2" falsecount="0"/>
        <line num="311" count="5" type="cond" truecount="1" falsecount="1"/>
        <line num="312" count="5" type="cond" truecount="2" falsecount="0"/>
        <line num="313" count="5" type="cond" truecount="1" falsecount="1"/>
        <line num="330" count="5" type="stmt"/>
        <line num="349" count="10" type="stmt"/>
        <line num="350" count="10" type="stmt"/>
        <line num="351" count="5" type="cond" truecount="2" falsecount="0"/>
        <line num="353" count="5" type="cond" truecount="1" falsecount="1"/>
        <line num="354" count="5" type="cond" truecount="2" falsecount="0"/>
        <line num="357" count="10" type="stmt"/>
        <line num="358" count="4" type="stmt"/>
        <line num="361" count="1" type="stmt"/>
        <line num="362" count="1" type="cond" truecount="2" falsecount="2"/>
        <line num="364" count="1" type="stmt"/>
        <line num="365" count="1" type="stmt"/>
        <line num="366" count="2" type="stmt"/>
        <line num="367" count="2" type="stmt"/>
        <line num="368" count="1" type="cond" truecount="1" falsecount="1"/>
        <line num="373" count="1" type="stmt"/>
        <line num="374" count="2" type="cond" truecount="1" falsecount="1"/>
        <line num="375" count="2" type="cond" truecount="1" falsecount="1"/>
        <line num="376" count="2" type="stmt"/>
        <line num="379" count="1" type="stmt"/>
        <line num="396" count="8" type="cond" truecount="3" falsecount="1"/>
        <line num="397" count="8" type="stmt"/>
        <line num="403" count="10" type="cond" truecount="2" falsecount="0"/>
        <line num="404" count="10" type="cond" truecount="1" falsecount="1"/>
        <line num="405" count="10" type="cond" truecount="2" falsecount="0"/>
        <line num="406" count="10" type="cond" truecount="2" falsecount="0"/>
        <line num="407" count="10" type="cond" truecount="1" falsecount="1"/>
        <line num="413" count="10" type="stmt"/>
        <line num="414" count="7" type="stmt"/>
        <line num="417" count="7" type="stmt"/>
        <line num="418" count="7" type="stmt"/>
        <line num="419" count="7" type="stmt"/>
        <line num="420" count="7" type="cond" truecount="1" falsecount="1"/>
        <line num="422" count="7" type="stmt"/>
        <line num="444" count="8" type="cond" truecount="2" falsecount="2"/>
        <line num="445" count="0" type="cond" truecount="0" falsecount="2"/>
        <line num="446" count="0" type="stmt"/>
        <line num="450" count="4" type="cond" truecount="2" falsecount="0"/>
        <line num="456" count="10" type="cond" truecount="2" falsecount="0"/>
        <line num="458" count="2" type="stmt"/>
        <line num="461" count="4" type="stmt"/>
        <line num="463" count="10" type="stmt"/>
        <line num="464" count="4" type="stmt"/>
        <line num="465" count="4" type="stmt"/>
        <line num="466" count="4" type="stmt"/>
        <line num="488" count="6" type="cond" truecount="2" falsecount="0"/>
        <line num="489" count="4" type="cond" truecount="3" falsecount="1"/>
        <line num="490" count="0" type="stmt"/>
        <line num="494" count="1" type="stmt"/>
        <line num="495" count="1" type="stmt"/>
        <line num="499" count="1" type="stmt"/>
        <line num="503" count="5" type="stmt"/>
        <line num="504" count="5" type="stmt"/>
        <line num="508" count="5" type="stmt"/>
        <line num="512" count="1" type="cond" truecount="1" falsecount="1"/>
        <line num="513" count="1" type="cond" truecount="1" falsecount="2"/>
        <line num="517" count="23" type="cond" truecount="2" falsecount="0"/>
        <line num="521" count="10" type="stmt"/>
        <line num="526" count="16" type="stmt"/>
        <line num="527" count="10" type="stmt"/>
        <line num="536" count="10" type="stmt"/>
        <line num="537" count="10" type="cond" truecount="1" falsecount="1"/>
        <line num="538" count="10" type="cond" truecount="1" falsecount="1"/>
        <line num="539" count="10" type="stmt"/>
        <line num="540" count="10" type="cond" truecount="2" falsecount="0"/>
        <line num="541" count="7" type="stmt"/>
        <line num="545" count="7" type="stmt"/>
        <line num="546" count="10" type="cond" truecount="2" falsecount="0"/>
        <line num="547" count="10" type="stmt"/>
        <line num="548" count="5" type="cond" truecount="2" falsecount="0"/>
        <line num="550" count="10" type="stmt"/>
        <line num="554" count="10" type="stmt"/>
        <line num="555" count="5" type="cond" truecount="2" falsecount="0"/>
        <line num="557" count="2" type="stmt"/>
        <line num="567" count="10" type="stmt"/>
        <line num="568" count="5" type="cond" truecount="2" falsecount="0"/>
        <line num="571" count="1" type="stmt"/>
        <line num="582" count="10" type="stmt"/>
        <line num="583" count="4" type="cond" truecount="2" falsecount="0"/>
        <line num="586" count="10" type="cond" truecount="2" falsecount="0"/>
        <line num="587" count="2" type="cond" truecount="1" falsecount="3"/>
        <line num="588" count="2" type="stmt"/>
        <line num="591" count="2" type="cond" truecount="4" falsecount="0"/>
        <line num="594" count="2" type="stmt"/>
        <line num="611" count="10" type="cond" truecount="2" falsecount="0"/>
        <line num="612" count="2" type="stmt"/>
        <line num="622" count="10" type="cond" truecount="5" falsecount="0"/>
        <line num="623" count="1" type="stmt"/>
        <line num="624" count="1" type="stmt"/>
        <line num="643" count="10" type="cond" truecount="1" falsecount="1"/>
        <line num="644" count="10" type="cond" truecount="5" falsecount="0"/>
        <line num="645" count="7" type="stmt"/>
        <line num="646" count="3" type="cond" truecount="2" falsecount="0"/>
        <line num="647" count="1" type="cond" truecount="1" falsecount="1"/>
        <line num="648" count="1" type="stmt"/>
        <line num="654" count="1" type="stmt"/>
        <line num="672" count="10" type="cond" truecount="2" falsecount="0"/>
        <line num="678" count="1" type="cond" truecount="1" falsecount="1"/>
        <line num="679" count="1" type="stmt"/>
        <line num="702" count="10" type="cond" truecount="2" falsecount="0"/>
        <line num="703" count="2" type="stmt"/>
        <line num="704" count="2" type="cond" truecount="1" falsecount="1"/>
        <line num="705" count="0" type="cond" truecount="0" falsecount="2"/>
        <line num="706" count="0" type="stmt"/>
        <line num="707" count="0" type="cond" truecount="0" falsecount="2"/>
        <line num="708" count="0" type="stmt"/>
        <line num="726" count="8" type="cond" truecount="2" falsecount="0"/>
        <line num="727" count="1" type="cond" truecount="1" falsecount="1"/>
        <line num="728" count="1" type="stmt"/>
        <line num="747" count="10" type="cond" truecount="2" falsecount="0"/>
        <line num="753" count="1" type="stmt"/>
        <line num="767" count="10" type="stmt"/>
        <line num="768" count="3" type="stmt"/>
        <line num="773" count="8" type="stmt"/>
        <line num="774" count="8" type="stmt"/>
        <line num="775" count="8" type="stmt"/>
        <line num="776" count="10" type="cond" truecount="6" falsecount="0"/>
        <line num="777" count="7" type="stmt"/>
        <line num="778" count="7" type="stmt"/>
        <line num="780" count="8" type="stmt"/>
        <line num="786" count="4" type="stmt"/>
        <line num="787" count="4" type="cond" truecount="1" falsecount="1"/>
        <line num="789" count="4" type="cond" truecount="1" falsecount="1"/>
        <line num="790" count="4" type="stmt"/>
        <line num="791" count="15" type="stmt"/>
        <line num="792" count="4" type="cond" truecount="2" falsecount="0"/>
        <line num="793" count="4" type="stmt"/>
        <line num="794" count="8" type="cond" truecount="1" falsecount="1"/>
        <line num="796" count="4" type="cond" truecount="4" falsecount="2"/>
        <line num="798" count="1" type="stmt"/>
        <line num="800" count="1" type="stmt"/>
        <line num="801" count="1" type="cond" truecount="1" falsecount="1"/>
        <line num="802" count="0" type="stmt"/>
        <line num="803" count="0" type="cond" truecount="0" falsecount="2"/>
        <line num="806" count="0" type="stmt"/>
        <line num="808" count="1" type="cond" truecount="1" falsecount="1"/>
        <line num="810" count="1" type="stmt"/>
        <line num="811" count="1" type="cond" truecount="1" falsecount="1"/>
        <line num="812" count="0" type="cond" truecount="0" falsecount="2"/>
        <line num="815" count="0" type="stmt"/>
        <line num="820" count="7" type="stmt"/>
        <line num="821" count="7" type="cond" truecount="1" falsecount="1"/>
        <line num="825" count="3" type="stmt"/>
        <line num="835" count="2" type="cond" truecount="1" falsecount="2"/>
        <line num="842" count="2" type="cond" truecount="3" falsecount="1"/>
        <line num="843" count="2" type="stmt"/>
        <line num="844" count="2" type="cond" truecount="1" falsecount="1"/>
        <line num="846" count="2" type="stmt"/>
        <line num="847" count="3" type="stmt"/>
        <line num="848" count="2" type="cond" truecount="1" falsecount="1"/>
        <line num="850" count="2" type="stmt"/>
        <line num="851" count="2" type="stmt"/>
        <line num="852" count="2" type="cond" truecount="2" falsecount="0"/>
        <line num="854" count="2" type="stmt"/>
        <line num="856" count="2" type="cond" truecount="2" falsecount="0"/>
        <line num="857" count="1" type="stmt"/>
        <line num="865" count="1" type="stmt"/>
        <line num="867" count="1" type="cond" truecount="1" falsecount="1"/>
        <line num="871" count="2" type="cond" truecount="4" falsecount="0"/>
        <line num="872" count="1" type="stmt"/>
        <line num="880" count="0" type="cond" truecount="0" falsecount="4"/>
        <line num="881" count="0" type="stmt"/>
        <line num="889" count="0" type="cond" truecount="0" falsecount="4"/>
        <line num="890" count="0" type="stmt"/>
        <line num="899" count="0" type="stmt"/>
        <line num="911" count="10" type="cond" truecount="2" falsecount="0"/>
        <line num="912" count="10" type="cond" truecount="2" falsecount="0"/>
        <line num="913" count="10" type="cond" truecount="2" falsecount="0"/>
        <line num="915" count="10" type="stmt"/>
        <line num="918" count="10" type="cond" truecount="2" falsecount="0"/>
        <line num="919" count="10" type="stmt"/>
        <line num="920" count="10" type="stmt"/>
        <line num="921" count="10" type="stmt"/>
        <line num="922" count="10" type="stmt"/>
        <line num="923" count="10" type="stmt"/>
        <line num="927" count="10" type="stmt"/>
        <line num="928" count="10" type="stmt"/>
        <line num="929" count="10" type="stmt"/>
        <line num="935" count="10" type="stmt"/>
        <line num="936" count="10" type="stmt"/>
        <line num="937" count="5" type="cond" truecount="2" falsecount="0"/>
        <line num="939" count="10" type="stmt"/>
        <line num="942" count="10" type="stmt"/>
        <line num="950" count="10" type="cond" truecount="2" falsecount="0"/>
        <line num="951" count="10" type="stmt"/>
        <line num="952" count="10" type="cond" truecount="2" falsecount="0"/>
        <line num="953" count="10" type="cond" truecount="3" falsecount="0"/>
        <line num="954" count="10" type="cond" truecount="2" falsecount="0"/>
        <line num="956" count="10" type="cond" truecount="2" falsecount="0"/>
        <line num="970" count="10" type="cond" truecount="2" falsecount="0"/>
        <line num="976" count="2" type="cond" truecount="2" falsecount="0"/>
        <line num="977" count="10" type="cond" truecount="1" falsecount="1"/>
        <line num="984" count="10" type="cond" truecount="2" falsecount="0"/>
        <line num="989" count="10" type="cond" truecount="2" falsecount="0"/>
        <line num="991" count="10" type="cond" truecount="2" falsecount="0"/>
        <line num="998" count="10" type="cond" truecount="2" falsecount="0"/>
        <line num="1006" count="10" type="cond" truecount="3" falsecount="0"/>
        <line num="1007" count="10" type="cond" truecount="1" falsecount="1"/>
        <line num="1012" count="12" type="stmt"/>
        <line num="1013" count="12" type="stmt"/>
        <line num="1014" count="10" type="cond" truecount="2" falsecount="0"/>
        <line num="1021" count="10" type="cond" truecount="2" falsecount="0"/>
        <line num="1026" count="10" type="cond" truecount="2" falsecount="0"/>
        <line num="1028" count="10" type="stmt"/>
        <line num="1097" count="5" type="stmt"/>
        <line num="1105" count="6" type="stmt"/>
        <line num="1107" count="6" type="stmt"/>
        <line num="1110" count="6" type="stmt"/>
        <line num="1111" count="6" type="cond" truecount="1" falsecount="1"/>
        <line num="1117" count="2" type="cond" truecount="1" falsecount="1"/>
        <line num="1122" count="2" type="cond" truecount="1" falsecount="1"/>
        <line num="1123" count="2" type="cond" truecount="2" falsecount="0"/>
        <line num="1124" count="2" type="stmt"/>
        <line num="1125" count="2" type="stmt"/>
        <line num="1126" count="2" type="stmt"/>
        <line num="1127" count="2" type="stmt"/>
        <line num="1128" count="1" type="cond" truecount="1" falsecount="1"/>
        <line num="1130" count="2" type="cond" truecount="0" falsecount="2"/>
        <line num="1132" count="2" type="stmt"/>
        <line num="1134" count="2" type="stmt"/>
        <line num="1135" count="2" type="stmt"/>
        <line num="1136" count="2" type="stmt"/>
        <line num="1138" count="2" type="stmt"/>
        <line num="1139" count="1" type="stmt"/>
        <line num="1141" count="2" type="stmt"/>
        <line num="1142" count="1" type="stmt"/>
        <line num="1144" count="2" type="stmt"/>
        <line num="1145" count="1" type="stmt"/>
        <line num="1147" count="2" type="stmt"/>
        <line num="1148" count="0" type="stmt"/>
        <line num="1149" count="0" type="cond" truecount="0" falsecount="2"/>
        <line num="1153" count="2" type="stmt"/>
        <line num="1154" count="2" type="cond" truecount="1" falsecount="1"/>
        <line num="1156" count="2" type="cond" truecount="2" falsecount="0"/>
        <line num="1165" count="2" type="stmt"/>
        <line num="1168" count="1" type="cond" truecount="3" falsecount="1"/>
        <line num="1172" count="2" type="stmt"/>
        <line num="1174" count="1" type="cond" truecount="1" falsecount="1"/>
        <line num="1177" count="2" type="stmt"/>
        <line num="1179" count="1" type="stmt"/>
        <line num="1181" count="1" type="stmt"/>
        <line num="1186" count="2" type="stmt"/>
        <line num="1193" count="1" type="stmt"/>
        <line num="1200" count="2" type="stmt"/>
        <line num="1203" count="0" type="stmt"/>
        <line num="1205" count="0" type="stmt"/>
        <line num="1206" count="0" type="stmt"/>
        <line num="1216" count="1" type="stmt"/>
        <line num="1217" count="1" type="cond" truecount="3" falsecount="1"/>
        <line num="1218" count="1" type="stmt"/>
        <line num="1222" count="1" type="cond" truecount="1" falsecount="1"/>
        <line num="1225" count="1" type="stmt"/>
        <line num="1228" count="2" type="stmt"/>
        <line num="1235" count="2" type="cond" truecount="4" falsecount="0"/>
        <line num="1236" count="1" type="stmt"/>
        <line num="1238" count="1" type="stmt"/>
        <line num="1245" count="7" type="stmt"/>
        <line num="1246" count="7" type="cond" truecount="2" falsecount="0"/>
        <line num="1250" count="7" type="stmt"/>
        <line num="1257" count="7" type="stmt"/>
        <line num="1258" count="7" type="cond" truecount="2" falsecount="0"/>
        <line num="1259" count="3" type="stmt"/>
        <line num="1263" count="4" type="cond" truecount="2" falsecount="0"/>
        <line num="1264" count="1" type="stmt"/>
        <line num="1270" count="7" type="cond" truecount="2" falsecount="0"/>
        <line num="1271" count="3" type="stmt"/>
        <line num="1275" count="4" type="cond" truecount="2" falsecount="0"/>
        <line num="1276" count="3" type="stmt"/>
        <line num="1280" count="1" type="cond" truecount="1" falsecount="1"/>
        <line num="1281" count="1" type="stmt"/>
        <line num="1287" count="7" type="cond" truecount="2" falsecount="0"/>
        <line num="1288" count="2" type="stmt"/>
        <line num="1294" count="7" type="stmt"/>
        <line num="1299" count="7" type="stmt"/>
        <line num="1304" count="4" type="stmt"/>
        <line num="1308" count="4" type="stmt"/>
        <line num="1309" count="2" type="cond" truecount="1" falsecount="1"/>
        <line num="1310" count="2" type="cond" truecount="2" falsecount="0"/>
        <line num="1311" count="1" type="cond" truecount="1" falsecount="1"/>
        <line num="1312" count="1" type="stmt"/>
        <line num="1314" count="4" type="stmt"/>
        <line num="1315" count="4" type="cond" truecount="1" falsecount="1"/>
        <line num="1319" count="4" type="stmt"/>
        <line num="1320" count="4" type="cond" truecount="1" falsecount="1"/>
        <line num="1321" count="4" type="stmt"/>
        <line num="1322" count="4" type="stmt"/>
        <line num="1325" count="4" type="stmt"/>
        <line num="1329" count="4" type="cond" truecount="1" falsecount="1"/>
        <line num="1330" count="0" type="stmt"/>
        <line num="1331" count="0" type="stmt"/>
        <line num="1332" count="0" type="stmt"/>
        <line num="1333" count="0" type="stmt"/>
        <line num="1334" count="0" type="stmt"/>
        <line num="1335" count="0" type="stmt"/>
        <line num="1337" count="0" type="stmt"/>
        <line num="1342" count="4" type="cond" truecount="4" falsecount="0"/>
        <line num="1343" count="1" type="stmt"/>
        <line num="1344" count="1" type="stmt"/>
        <line num="1345" count="2" type="cond" truecount="2" falsecount="0"/>
        <line num="1353" count="2" type="stmt"/>
        <line num="1356" count="2" type="stmt"/>
        <line num="1357" count="2" type="stmt"/>
        <line num="1367" count="2" type="stmt"/>
        <line num="1370" count="2" type="stmt"/>
        <line num="1371" count="1" type="stmt"/>
        <line num="1377" count="4" type="cond" truecount="2" falsecount="0"/>
        <line num="1378" count="1" type="stmt"/>
        <line num="1379" count="1" type="stmt"/>
        <line num="1380" count="1" type="stmt"/>
        <line num="1381" count="1" type="stmt"/>
        <line num="1384" count="1" type="cond" truecount="1" falsecount="1"/>
        <line num="1385" count="1" type="stmt"/>
        <line num="1389" count="0" type="stmt"/>
        <line num="1393" count="4" type="cond" truecount="4" falsecount="0"/>
        <line num="1394" count="1" type="stmt"/>
        <line num="1395" count="1" type="stmt"/>
        <line num="1396" count="1" type="cond" truecount="1" falsecount="1"/>
        <line num="1397" count="1" type="stmt"/>
        <line num="1400" count="1" type="cond" truecount="1" falsecount="1"/>
        <line num="1401" count="1" type="stmt"/>
        <line num="1403" count="1" type="cond" truecount="1" falsecount="1"/>
        <line num="1404" count="1" type="stmt"/>
        <line num="1406" count="1" type="cond" truecount="1" falsecount="1"/>
        <line num="1407" count="1" type="stmt"/>
        <line num="1409" count="1" type="cond" truecount="1" falsecount="1"/>
        <line num="1410" count="1" type="stmt"/>
        <line num="1412" count="1" type="cond" truecount="1" falsecount="1"/>
        <line num="1413" count="1" type="stmt"/>
        <line num="1418" count="4" type="cond" truecount="4" falsecount="0"/>
        <line num="1419" count="1" type="stmt"/>
        <line num="1420" count="1" type="stmt"/>
        <line num="1421" count="1" type="cond" truecount="1" falsecount="1"/>
        <line num="1422" count="1" type="stmt"/>
        <line num="1424" count="1" type="stmt"/>
        <line num="1427" count="1" type="stmt"/>
        <line num="1428" count="1" type="stmt"/>
        <line num="1429" count="1" type="cond" truecount="1" falsecount="1"/>
        <line num="1430" count="1" type="stmt"/>
        <line num="1432" count="1" type="cond" truecount="1" falsecount="1"/>
        <line num="1433" count="1" type="stmt"/>
        <line num="1435" count="1" type="stmt"/>
        <line num="1436" count="1" type="stmt"/>
        <line num="1439" count="1" type="cond" truecount="1" falsecount="1"/>
        <line num="1440" count="1" type="stmt"/>
        <line num="1446" count="4" type="cond" truecount="4" falsecount="0"/>
        <line num="1447" count="2" type="stmt"/>
        <line num="1448" count="2" type="stmt"/>
        <line num="1451" count="2" type="stmt"/>
        <line num="1452" count="5" type="cond" truecount="4" falsecount="0"/>
        <line num="1453" count="5" type="cond" truecount="1" falsecount="1"/>
        <line num="1454" count="5" type="stmt"/>
        <line num="1456" count="2" type="stmt"/>
        <line num="1457" count="2" type="stmt"/>
        <line num="1463" count="4" type="cond" truecount="4" falsecount="0"/>
        <line num="1464" count="1" type="stmt"/>
        <line num="1465" count="1" type="stmt"/>
        <line num="1468" count="1" type="stmt"/>
        <line num="1469" count="2" type="cond" truecount="4" falsecount="0"/>
        <line num="1470" count="2" type="cond" truecount="1" falsecount="1"/>
        <line num="1471" count="2" type="stmt"/>
        <line num="1473" count="1" type="stmt"/>
        <line num="1474" count="1" type="stmt"/>
        <line num="1480" count="4" type="cond" truecount="4" falsecount="0"/>
        <line num="1481" count="1" type="stmt"/>
        <line num="1482" count="1" type="stmt"/>
        <line num="1483" count="1" type="stmt"/>
        <line num="1484" count="1" type="stmt"/>
        <line num="1485" count="1" type="stmt"/>
        <line num="1490" count="4" type="stmt"/>
        <line num="1491" count="4" type="cond" truecount="2" falsecount="0"/>
        <line num="1492" count="2" type="stmt"/>
        <line num="1494" count="2" type="stmt"/>
        <line num="1495" count="2" type="stmt"/>
        <line num="1496" count="2" type="cond" truecount="2" falsecount="0"/>
        <line num="1499" count="2" type="stmt"/>
        <line num="1502" count="2" type="stmt"/>
        <line num="1503" count="2" type="cond" truecount="2" falsecount="0"/>
        <line num="1505" count="1" type="cond" truecount="2" falsecount="1"/>
        <line num="1508" count="1" type="stmt"/>
        <line num="1515" count="1" type="cond" truecount="1" falsecount="1"/>
        <line num="1516" count="1" type="cond" truecount="1" falsecount="1"/>
        <line num="1517" count="1" type="stmt"/>
        <line num="1520" count="2" type="stmt"/>
        <line num="1521" count="2" type="cond" truecount="2" falsecount="0"/>
        <line num="1522" count="1" type="stmt"/>
        <line num="1527" count="4" type="stmt"/>
        <line num="1528" count="4" type="stmt"/>
        <line num="1529" count="2" type="stmt"/>
        <line num="1530" count="2" type="stmt"/>
        <line num="1531" count="2" type="cond" truecount="2" falsecount="0"/>
        <line num="1532" count="1" type="stmt"/>
        <line num="1533" count="1" type="cond" truecount="1" falsecount="1"/>
        <line num="1534" count="1" type="cond" truecount="1" falsecount="1"/>
        <line num="1537" count="1" type="stmt"/>
        <line num="1540" count="0" type="cond" truecount="0" falsecount="2"/>
        <line num="1541" count="0" type="stmt"/>
        <line num="1542" count="0" type="cond" truecount="0" falsecount="2"/>
        <line num="1543" count="0" type="stmt"/>
        <line num="1548" count="4" type="cond" truecount="2" falsecount="0"/>
        <line num="1549" count="2" type="stmt"/>
        <line num="1550" count="2" type="stmt"/>
        <line num="1553" count="4" type="stmt"/>
        <line num="1557" count="1" type="stmt"/>
        <line num="1558" count="1" type="stmt"/>
        <line num="1559" count="1" type="cond" truecount="1" falsecount="1"/>
        <line num="1562" count="1" type="stmt"/>
        <line num="1564" count="1" type="stmt"/>
        <line num="1565" count="1" type="stmt"/>
        <line num="1566" count="1" type="cond" truecount="1" falsecount="1"/>
        <line num="1567" count="1" type="stmt"/>
        <line num="1568" count="1" type="stmt"/>
        <line num="1569" count="1" type="stmt"/>
        <line num="1570" count="1" type="stmt"/>
        <line num="1571" count="1" type="stmt"/>
        <line num="1572" count="1" type="cond" truecount="1" falsecount="1"/>
        <line num="1573" count="1" type="stmt"/>
        <line num="1576" count="1" type="stmt"/>
        <line num="1577" count="1" type="stmt"/>
        <line num="1578" count="1" type="stmt"/>
        <line num="1579" count="1" type="cond" truecount="1" falsecount="1"/>
        <line num="1580" count="1" type="cond" truecount="1" falsecount="1"/>
        <line num="1581" count="1" type="stmt"/>
        <line num="1582" count="1" type="stmt"/>
        <line num="1585" count="1" type="cond" truecount="1" falsecount="1"/>
        <line num="1586" count="1" type="stmt"/>
        <line num="1587" count="1" type="stmt"/>
        <line num="1590" count="1" type="stmt"/>
        <line num="1592" count="1" type="stmt"/>
        <line num="1595" count="1" type="cond" truecount="1" falsecount="1"/>
        <line num="1596" count="1" type="stmt"/>
        <line num="1597" count="1" type="stmt"/>
        <line num="1604" count="1" type="cond" truecount="1" falsecount="2"/>
        <line num="1605" count="1" type="stmt"/>
        <line num="1606" count="1" type="cond" truecount="1" falsecount="1"/>
        <line num="1607" count="1" type="cond" truecount="1" falsecount="1"/>
        <line num="1608" count="1" type="stmt"/>
        <line num="1610" count="1" type="cond" truecount="1" falsecount="1"/>
        <line num="1611" count="1" type="stmt"/>
        <line num="1615" count="1" type="cond" truecount="3" falsecount="1"/>
        <line num="1616" count="1" type="stmt"/>
        <line num="1617" count="1" type="stmt"/>
        <line num="1618" count="1" type="stmt"/>
        <line num="1621" count="1" type="stmt"/>
        <line num="1622" count="2" type="cond" truecount="4" falsecount="0"/>
        <line num="1623" count="2" type="cond" truecount="1" falsecount="1"/>
        <line num="1624" count="2" type="stmt"/>
        <line num="1626" count="1" type="stmt"/>
        <line num="1627" count="1" type="stmt"/>
        <line num="1631" count="1" type="stmt"/>
        <line num="1632" count="5" type="stmt"/>
        <line num="1633" count="4" type="stmt"/>
        <line num="1634" count="1" type="cond" truecount="1" falsecount="1"/>
        <line num="1635" count="0" type="stmt"/>
        <line num="1636" count="1" type="cond" truecount="1" falsecount="1"/>
        <line num="1637" count="1" type="stmt"/>
        <line num="1639" count="1" type="cond" truecount="1" falsecount="1"/>
        <line num="1640" count="1" type="stmt"/>
        <line num="1643" count="1" type="stmt"/>
        <line num="1644" count="1" type="stmt"/>
        <line num="1648" count="1" type="stmt"/>
      </file>
      <file name="review-service.ts" path="/Users/sarthak/Desktop/fleet/codevetter/apps/desktop/src/lib/review-service.ts">
        <metrics statements="29" coveredstatements="29" conditionals="14" coveredconditionals="13" methods="10" coveredmethods="10"/>
        <line num="16" count="1" type="stmt"/>
        <line num="25" count="1" type="stmt"/>
        <line num="59" count="5" type="stmt"/>
        <line num="60" count="5" type="stmt"/>
        <line num="61" count="5" type="cond" truecount="2" falsecount="0"/>
        <line num="62" count="4" type="stmt"/>
        <line num="63" count="4" type="cond" truecount="4" falsecount="0"/>
        <line num="64" count="2" type="stmt"/>
        <line num="66" count="1" type="stmt"/>
        <line num="71" count="3" type="stmt"/>
        <line num="75" count="6" type="cond" truecount="2" falsecount="0"/>
        <line num="76" count="6" type="stmt"/>
        <line num="77" count="6" type="stmt"/>
        <line num="78" count="20" type="cond" truecount="2" falsecount="0"/>
        <line num="79" count="1" type="stmt"/>
        <line num="81" count="19" type="stmt"/>
        <line num="82" count="19" type="stmt"/>
        <line num="87" count="4" type="stmt"/>
        <line num="88" count="4" type="stmt"/>
        <line num="89" count="10" type="cond" truecount="2" falsecount="0"/>
        <line num="95" count="1" type="stmt"/>
        <line num="96" count="1" type="stmt"/>
        <line num="97" count="1" type="cond" truecount="1" falsecount="1"/>
        <line num="98" count="3" type="stmt"/>
        <line num="101" count="1" type="stmt"/>
        <line num="105" count="3" type="stmt"/>
        <line num="106" count="1" type="stmt"/>
        <line num="109" count="1" type="stmt"/>
        <line num="112" count="1" type="stmt"/>
      </file>
      <file name="tauri-ipc.ts" path="/Users/sarthak/Desktop/fleet/codevetter/apps/desktop/src/lib/tauri-ipc.ts">
        <metrics statements="164" coveredstatements="0" conditionals="163" coveredconditionals="0" methods="132" coveredmethods="0"/>
        <line num="22" count="0" type="stmt"/>
        <line num="23" count="0" type="stmt"/>
        <line num="27" count="0" type="cond" truecount="0" falsecount="2"/>
        <line num="32" count="0" type="stmt"/>
        <line num="34" count="0" type="stmt"/>
        <line num="42" count="0" type="stmt"/>
        <line num="263" count="0" type="stmt"/>
        <line num="407" count="0" type="stmt"/>
        <line num="437" count="0" type="stmt"/>
        <line num="443" count="0" type="stmt"/>
        <line num="451" count="0" type="stmt"/>
        <line num="456" count="0" type="stmt"/>
        <line num="665" count="0" type="stmt"/>
        <line num="679" count="0" type="stmt"/>
        <line num="683" count="0" type="stmt"/>
        <line num="719" count="0" type="stmt"/>
        <line num="728" count="0" type="stmt"/>
        <line num="739" count="0" type="stmt"/>
        <line num="752" count="0" type="stmt"/>
        <line num="879" count="0" type="stmt"/>
        <line num="880" count="0" type="cond" truecount="0" falsecount="2"/>
        <line num="884" count="0" type="stmt"/>
        <line num="899" count="0" type="stmt"/>
        <line num="910" count="0" type="stmt"/>
        <line num="921" count="0" type="stmt"/>
        <line num="960" count="0" type="stmt"/>
        <line num="970" count="0" type="stmt"/>
        <line num="982" count="0" type="stmt"/>
        <line num="995" count="0" type="stmt"/>
        <line num="1003" count="0" type="stmt"/>
        <line num="1014" count="0" type="stmt"/>
        <line num="1020" count="0" type="stmt"/>
        <line num="1027" count="0" type="stmt"/>
        <line num="1034" count="0" type="stmt"/>
        <line num="1043" count="0" type="stmt"/>
        <line num="1052" count="0" type="stmt"/>
        <line num="1058" count="0" type="stmt"/>
        <line num="1059" count="0" type="stmt"/>
        <line num="1066" count="0" type="stmt"/>
        <line num="1070" count="0" type="stmt"/>
        <line num="1071" count="0" type="stmt"/>
        <line num="1078" count="0" type="stmt"/>
        <line num="1088" count="0" type="stmt"/>
        <line num="1095" count="0" type="stmt"/>
        <line num="1113" count="0" type="stmt"/>
        <line num="1117" count="0" type="stmt"/>
        <line num="1121" count="0" type="stmt"/>
        <line num="1131" count="0" type="stmt"/>
        <line num="1142" count="0" type="stmt"/>
        <line num="1151" count="0" type="stmt"/>
        <line num="1155" count="0" type="stmt"/>
        <line num="1159" count="0" type="stmt"/>
        <line num="1163" count="0" type="stmt"/>
        <line num="1169" count="0" type="stmt"/>
        <line num="1175" count="0" type="stmt"/>
        <line num="1299" count="0" type="stmt"/>
        <line num="1307" count="0" type="stmt"/>
        <line num="1311" count="0" type="stmt"/>
        <line num="1318" count="0" type="stmt"/>
        <line num="1319" count="0" type="cond" truecount="0" falsecount="2"/>
        <line num="1320" count="0" type="stmt"/>
        <line num="1321" count="0" type="stmt"/>
        <line num="1324" count="0" type="cond" truecount="0" falsecount="2"/>
        <line num="1325" count="0" type="stmt"/>
        <line num="1328" count="0" type="stmt"/>
        <line num="1332" count="0" type="stmt"/>
        <line num="1388" count="0" type="stmt"/>
        <line num="1389" count="0" type="stmt"/>
        <line num="1400" count="0" type="stmt"/>
        <line num="1419" count="0" type="stmt"/>
        <line num="1431" count="0" type="stmt"/>
        <line num="1435" count="0" type="stmt"/>
        <line num="1521" count="0" type="cond" truecount="0" falsecount="2"/>
        <line num="1546" count="0" type="stmt"/>
        <line num="1550" count="0" type="stmt"/>
        <line num="1567" count="0" type="stmt"/>
        <line num="1573" count="0" type="stmt"/>
        <line num="1577" count="0" type="stmt"/>
        <line num="1584" count="0" type="stmt"/>
        <line num="1596" count="0" type="stmt"/>
        <line num="1609" count="0" type="stmt"/>
        <line num="1621" count="0" type="stmt"/>
        <line num="1635" count="0" type="stmt"/>
        <line num="1639" count="0" type="stmt"/>
        <line num="1653" count="0" type="stmt"/>
        <line num="1657" count="0" type="stmt"/>
        <line num="1670" count="0" type="stmt"/>
        <line num="1677" count="0" type="stmt"/>
        <line num="1689" count="0" type="stmt"/>
        <line num="1690" count="0" type="stmt"/>
        <line num="1691" count="0" type="stmt"/>
        <line num="1697" count="0" type="cond" truecount="0" falsecount="4"/>
        <line num="1698" count="0" type="stmt"/>
        <line num="1700" count="0" type="stmt"/>
        <line num="1709" count="0" type="stmt"/>
        <line num="1710" count="0" type="stmt"/>
        <line num="1734" count="0" type="stmt"/>
        <line num="1744" count="0" type="stmt"/>
        <line num="1769" count="0" type="stmt"/>
        <line num="1781" count="0" type="stmt"/>
        <line num="1808" count="0" type="stmt"/>
        <line num="1812" count="0" type="stmt"/>
        <line num="1848" count="0" type="stmt"/>
        <line num="1857" count="0" type="stmt"/>
        <line num="1866" count="0" type="stmt"/>
        <line num="1874" count="0" type="stmt"/>
        <line num="1881" count="0" type="stmt"/>
        <line num="1888" count="0" type="stmt"/>
        <line num="1894" count="0" type="stmt"/>
        <line num="1898" count="0" type="stmt"/>
        <line num="1902" count="0" type="stmt"/>
        <line num="1933" count="0" type="stmt"/>
        <line num="1940" count="0" type="stmt"/>
        <line num="1949" count="0" type="stmt"/>
        <line num="2153" count="0" type="stmt"/>
        <line num="2160" count="0" type="stmt"/>
        <line num="2170" count="0" type="stmt"/>
        <line num="2177" count="0" type="stmt"/>
        <line num="2183" count="0" type="stmt"/>
        <line num="2189" count="0" type="stmt"/>
        <line num="2196" count="0" type="stmt"/>
        <line num="2202" count="0" type="stmt"/>
        <line num="2255" count="0" type="stmt"/>
        <line num="2264" count="0" type="stmt"/>
        <line num="2272" count="0" type="stmt"/>
        <line num="2279" count="0" type="stmt"/>
        <line num="2286" count="0" type="stmt"/>
        <line num="2305" count="0" type="stmt"/>
        <line num="2388" count="0" type="stmt"/>
        <line num="2395" count="0" type="stmt"/>
        <line num="2465" count="0" type="stmt"/>
        <line num="2471" count="0" type="stmt"/>
        <line num="2478" count="0" type="stmt"/>
        <line num="2517" count="0" type="stmt"/>
        <line num="2523" count="0" type="stmt"/>
        <line num="2529" count="0" type="stmt"/>
        <line num="2539" count="0" type="stmt"/>
        <line num="2559" count="0" type="stmt"/>
        <line num="2566" count="0" type="stmt"/>
        <line num="2599" count="0" type="stmt"/>
        <line num="2605" count="0" type="stmt"/>
        <line num="2609" count="0" type="stmt"/>
        <line num="2613" count="0" type="stmt"/>
        <line num="2619" count="0" type="stmt"/>
        <line num="2626" count="0" type="stmt"/>
        <line num="2656" count="0" type="stmt"/>
        <line num="2673" count="0" type="stmt"/>
        <line num="2717" count="0" type="stmt"/>
        <line num="2721" count="0" type="stmt"/>
        <line num="2725" count="0" type="stmt"/>
        <line num="2731" count="0" type="stmt"/>
        <line num="2766" count="0" type="stmt"/>
        <line num="2822" count="0" type="stmt"/>
        <line num="2828" count="0" type="stmt"/>
        <line num="2832" count="0" type="stmt"/>
        <line num="2838" count="0" type="stmt"/>
        <line num="2844" count="0" type="stmt"/>
        <line num="2851" count="0" type="stmt"/>
        <line num="2859" count="0" type="stmt"/>
        <line num="2897" count="0" type="stmt"/>
        <line num="2901" count="0" type="stmt"/>
        <line num="2905" count="0" type="cond" truecount="0" falsecount="2"/>
        <line num="2912" count="0" type="stmt"/>
        <line num="2921" count="0" type="stmt"/>
      </file>
      <file name="use-visibility.ts" path="/Users/sarthak/Desktop/fleet/codevetter/apps/desktop/src/lib/use-visibility.ts">
        <metrics statements="27" coveredstatements="26" conditionals="10" coveredconditionals="8" methods="13" coveredmethods="13"/>
        <line num="5" count="14" type="cond" truecount="2" falsecount="0"/>
        <line num="15" count="4" type="stmt"/>
        <line num="16" count="4" type="stmt"/>
        <line num="17" count="6" type="stmt"/>
        <line num="19" count="4" type="stmt"/>
        <line num="20" count="4" type="stmt"/>
        <line num="21" count="4" type="stmt"/>
        <line num="32" count="6" type="stmt"/>
        <line num="33" count="6" type="stmt"/>
        <line num="34" count="6" type="stmt"/>
        <line num="37" count="6" type="stmt"/>
        <line num="39" count="5" type="stmt"/>
        <line num="40" count="5" type="cond" truecount="1" falsecount="1"/>
        <line num="42" count="5" type="stmt"/>
        <line num="43" count="5" type="cond" truecount="2" falsecount="0"/>
        <line num="44" count="4" type="stmt"/>
        <line num="45" count="4" type="stmt"/>
        <line num="48" count="5" type="stmt"/>
        <line num="49" count="1" type="cond" truecount="1" falsecount="1"/>
        <line num="50" count="0" type="stmt"/>
        <line num="52" count="1" type="stmt"/>
        <line num="53" count="1" type="stmt"/>
        <line num="56" count="5" type="cond" truecount="2" falsecount="0"/>
        <line num="57" count="5" type="stmt"/>
        <line num="58" count="5" type="stmt"/>
        <line num="59" count="5" type="stmt"/>
        <line num="60" count="5" type="stmt"/>
      </file>
      <file name="utils.ts" path="/Users/sarthak/Desktop/fleet/codevetter/apps/desktop/src/lib/utils.ts">
        <metrics statements="1" coveredstatements="1" conditionals="0" coveredconditionals="0" methods="1" coveredmethods="1"/>
        <line num="5" count="8" type="stmt"/>
      </file>
    </package>
    <package name="lib.intent-debugger">
      <metrics statements="102" coveredstatements="74" conditionals="210" coveredconditionals="140" methods="33" coveredmethods="27"/>
      <file name="fixtures.ts" path="/Users/sarthak/Desktop/fleet/codevetter/apps/desktop/src/lib/intent-debugger/fixtures.ts">
        <metrics statements="2" coveredstatements="1" conditionals="0" coveredconditionals="0" methods="2" coveredmethods="0"/>
        <line num="3" count="1" type="stmt"/>
        <line num="36" count="0" type="stmt"/>
      </file>
      <file name="report.ts" path="/Users/sarthak/Desktop/fleet/codevetter/apps/desktop/src/lib/intent-debugger/report.ts">
        <metrics statements="83" coveredstatements="73" conditionals="198" coveredconditionals="140" methods="27" coveredmethods="27"/>
        <line num="10" count="5" type="stmt"/>
        <line num="11" count="5" type="stmt"/>
        <line num="12" count="5" type="stmt"/>
        <line num="13" count="4" type="stmt"/>
        <line num="14" count="4" type="stmt"/>
        <line num="16" count="2" type="stmt"/>
        <line num="24" count="1" type="stmt"/>
        <line num="32" count="1" type="stmt"/>
        <line num="50" count="3" type="stmt"/>
        <line num="51" count="3" type="stmt"/>
        <line num="52" count="3" type="stmt"/>
        <line num="53" count="3" type="stmt"/>
        <line num="54" count="3" type="stmt"/>
        <line num="55" count="3" type="stmt"/>
        <line num="56" count="3" type="stmt"/>
        <line num="57" count="3" type="stmt"/>
        <line num="58" count="2" type="stmt"/>
        <line num="59" count="2" type="cond" truecount="3" falsecount="0"/>
        <line num="62" count="3" type="stmt"/>
        <line num="114" count="3" type="stmt"/>
        <line num="124" count="3" type="cond" truecount="2" falsecount="0"/>
        <line num="125" count="2" type="stmt"/>
        <line num="129" count="2" type="stmt"/>
        <line num="136" count="2" type="cond" truecount="8" falsecount="0"/>
        <line num="137" count="1" type="stmt"/>
        <line num="164" count="3" type="stmt"/>
        <line num="172" count="3" type="cond" truecount="1" falsecount="1"/>
        <line num="173" count="0" type="stmt"/>
        <line num="174" count="0" type="stmt"/>
        <line num="182" count="3" type="stmt"/>
        <line num="191" count="3" type="cond" truecount="1" falsecount="1"/>
        <line num="192" count="0" type="stmt"/>
        <line num="201" count="3" type="stmt"/>
        <line num="215" count="3" type="stmt"/>
        <line num="219" count="2" type="stmt"/>
        <line num="220" count="2" type="cond" truecount="2" falsecount="0"/>
        <line num="221" count="1" type="cond" truecount="2" falsecount="2"/>
        <line num="222" count="0" type="cond" truecount="0" falsecount="2"/>
        <line num="223" count="0" type="stmt"/>
        <line num="227" count="3" type="stmt"/>
        <line num="228" count="3" type="cond" truecount="2" falsecount="0"/>
        <line num="229" count="1" type="cond" truecount="1" falsecount="1"/>
        <line num="230" count="0" type="stmt"/>
        <line num="234" count="3" type="stmt"/>
        <line num="235" count="3" type="stmt"/>
        <line num="236" count="2" type="cond" truecount="1" falsecount="1"/>
        <line num="237" count="2" type="cond" truecount="1" falsecount="1"/>
        <line num="238" count="2" type="cond" truecount="3" falsecount="1"/>
        <line num="239" count="2" type="cond" truecount="3" falsecount="1"/>
        <line num="240" count="2" type="cond" truecount="7" falsecount="0"/>
        <line num="241" count="1" type="stmt"/>
        <line num="243" count="2" type="cond" truecount="6" falsecount="0"/>
        <line num="244" count="1" type="stmt"/>
        <line num="246" count="2" type="cond" truecount="6" falsecount="1"/>
        <line num="247" count="0" type="stmt"/>
        <line num="251" count="3" type="cond" truecount="2" falsecount="0"/>
        <line num="252" count="3" type="cond" truecount="3" falsecount="1"/>
        <line num="253" count="0" type="stmt"/>
        <line num="256" count="3" type="cond" truecount="2" falsecount="0"/>
        <line num="264" count="3" type="stmt"/>
        <line num="265" count="3" type="cond" truecount="2" falsecount="0"/>
        <line num="266" count="1" type="stmt"/>
        <line num="268" count="3" type="cond" truecount="2" falsecount="0"/>
        <line num="269" count="1" type="stmt"/>
        <line num="271" count="3" type="cond" truecount="3" falsecount="1"/>
        <line num="272" count="0" type="stmt"/>
        <line num="274" count="3" type="cond" truecount="4" falsecount="0"/>
        <line num="275" count="1" type="stmt"/>
        <line num="277" count="3" type="cond" truecount="2" falsecount="0"/>
        <line num="278" count="1" type="stmt"/>
        <line num="280" count="3" type="cond" truecount="2" falsecount="0"/>
        <line num="284" count="2" type="stmt"/>
        <line num="285" count="2" type="cond" truecount="4" falsecount="0"/>
        <line num="286" count="1" type="stmt"/>
        <line num="287" count="1" type="cond" truecount="1" falsecount="1"/>
        <line num="288" count="0" type="stmt"/>
        <line num="290" count="2" type="cond" truecount="1" falsecount="1"/>
        <line num="291" count="2" type="cond" truecount="2" falsecount="0"/>
        <line num="292" count="5" type="cond" truecount="1" falsecount="1"/>
        <line num="293" count="2" type="cond" truecount="1" falsecount="1"/>
        <line num="297" count="2" type="stmt"/>
        <line num="298" count="4" type="stmt"/>
        <line num="303" count="2" type="stmt"/>
      </file>
      <file name="run-intent-cli.ts" path="/Users/sarthak/Desktop/fleet/codevetter/apps/desktop/src/lib/intent-debugger/run-intent-cli.ts">
        <metrics statements="17" coveredstatements="0" conditionals="12" coveredconditionals="0" methods="4" coveredmethods="0"/>
        <line num="8" count="0" type="stmt"/>
        <line num="13" count="0" type="stmt"/>
        <line num="17" count="0" type="stmt"/>
        <line num="21" count="0" type="stmt"/>
        <line num="22" count="0" type="cond" truecount="0" falsecount="2"/>
        <line num="23" count="0" type="cond" truecount="0" falsecount="2"/>
        <line num="24" count="0" type="cond" truecount="0" falsecount="2"/>
        <line num="25" count="0" type="cond" truecount="0" falsecount="4"/>
        <line num="26" count="0" type="cond" truecount="0" falsecount="2"/>
        <line num="28" count="0" type="stmt"/>
        <line num="29" count="0" type="stmt"/>
        <line num="30" count="0" type="stmt"/>
        <line num="31" count="0" type="stmt"/>
        <line num="32" count="0" type="stmt"/>
        <line num="34" count="0" type="stmt"/>
        <line num="35" count="0" type="stmt"/>
        <line num="38" count="0" type="stmt"/>
      </file>
      <file name="types.ts" path="/Users/sarthak/Desktop/fleet/codevetter/apps/desktop/src/lib/intent-debugger/types.ts">
        <metrics statements="0" coveredstatements="0" conditionals="0" coveredconditionals="0" methods="0" coveredmethods="0"/>
      </file>
    </package>
    <package name="lib.synthetic-qa">
      <metrics statements="66" coveredstatements="39" conditionals="57" coveredconditionals="36" methods="20" coveredmethods="13"/>
      <file name="apply-evidence.ts" path="/Users/sarthak/Desktop/fleet/codevetter/apps/desktop/src/lib/synthetic-qa/apply-evidence.ts">
        <metrics statements="13" coveredstatements="13" conditionals="18" coveredconditionals="17" methods="5" coveredmethods="5"/>
        <line num="24" count="13" type="cond" truecount="2" falsecount="0"/>
        <line num="25" count="13" type="stmt"/>
        <line num="28" count="16" type="cond" truecount="2" falsecount="0"/>
        <line num="29" count="13" type="cond" truecount="2" falsecount="0"/>
        <line num="31" count="13" type="stmt"/>
        <line num="39" count="13" type="cond" truecount="2" falsecount="0"/>
        <line num="40" count="12" type="stmt"/>
        <line num="42" count="13" type="cond" truecount="2" falsecount="0"/>
        <line num="43" count="12" type="stmt"/>
        <line num="45" count="13" type="cond" truecount="2" falsecount="0"/>
        <line num="46" count="1" type="stmt"/>
        <line num="49" count="13" type="stmt"/>
        <line num="62" count="3" type="stmt"/>
      </file>
      <file name="fixture-runner.ts" path="/Users/sarthak/Desktop/fleet/codevetter/apps/desktop/src/lib/synthetic-qa/fixture-runner.ts">
        <metrics statements="22" coveredstatements="22" conditionals="19" coveredconditionals="19" methods="6" coveredmethods="6"/>
        <line num="13" count="20" type="cond" truecount="3" falsecount="0"/>
        <line num="15" count="11" type="stmt"/>
        <line num="16" count="11" type="stmt"/>
        <line num="26" count="4" type="stmt"/>
        <line num="27" count="4" type="stmt"/>
        <line num="37" count="5" type="cond" truecount="2" falsecount="0"/>
        <line num="38" count="5" type="stmt"/>
        <line num="39" count="5" type="stmt"/>
        <line num="58" count="15" type="stmt"/>
        <line num="60" count="15" type="stmt"/>
        <line num="67" count="15" type="stmt"/>
        <line num="68" count="20" type="stmt"/>
        <line num="71" count="20" type="stmt"/>
        <line num="72" count="15" type="stmt"/>
        <line num="74" count="15" type="stmt"/>
        <line num="78" count="15" type="cond" truecount="2" falsecount="0"/>
        <line num="79" count="4" type="stmt"/>
        <line num="80" count="4" type="stmt"/>
        <line num="81" count="6" type="stmt"/>
        <line num="85" count="15" type="stmt"/>
        <line num="107" count="15" type="stmt"/>
        <line num="108" count="15" type="cond" truecount="2" falsecount="0"/>
      </file>
      <file name="loops.ts" path="/Users/sarthak/Desktop/fleet/codevetter/apps/desktop/src/lib/synthetic-qa/loops.ts">
        <metrics statements="4" coveredstatements="4" conditionals="0" coveredconditionals="0" methods="2" coveredmethods="2"/>
        <line num="4" count="1" type="stmt"/>
        <line num="13" count="1" type="stmt"/>
        <line num="22" count="1" type="stmt"/>
        <line num="28" count="7" type="stmt"/>
      </file>
      <file name="run-fixture-cli.ts" path="/Users/sarthak/Desktop/fleet/codevetter/apps/desktop/src/lib/synthetic-qa/run-fixture-cli.ts">
        <metrics statements="27" coveredstatements="0" conditionals="20" coveredconditionals="0" methods="7" coveredmethods="0"/>
        <line num="8" count="0" type="stmt"/>
        <line num="9" count="0" type="stmt"/>
        <line num="21" count="0" type="stmt"/>
        <line num="30" count="0" type="stmt"/>
        <line num="31" count="0" type="stmt"/>
        <line num="32" count="0" type="stmt"/>
        <line num="33" count="0" type="stmt"/>
        <line num="34" count="0" type="stmt"/>
        <line num="38" count="0" type="stmt"/>
        <line num="39" count="0" type="cond" truecount="0" falsecount="2"/>
        <line num="42" count="0" type="cond" truecount="0" falsecount="2"/>
        <line num="44" count="0" type="cond" truecount="0" falsecount="2"/>
        <line num="45" count="0" type="cond" truecount="0" falsecount="4"/>
        <line num="47" count="0" type="cond" truecount="0" falsecount="2"/>
        <line num="48" count="0" type="stmt"/>
        <line num="49" count="0" type="stmt"/>
        <line num="52" count="0" type="stmt"/>
        <line num="53" count="0" type="stmt"/>
        <line num="54" count="0" type="stmt"/>
        <line num="55" count="0" type="stmt"/>
        <line num="61" count="0" type="cond" truecount="0" falsecount="2"/>
        <line num="65" count="0" type="stmt"/>
        <line num="66" count="0" type="stmt"/>
        <line num="68" count="0" type="stmt"/>
        <line num="72" count="0" type="cond" truecount="0" falsecount="4"/>
        <line num="73" count="0" type="stmt"/>
        <line num="77" count="0" type="stmt"/>
      </file>
      <file name="types.ts" path="/Users/sarthak/Desktop/fleet/codevetter/apps/desktop/src/lib/synthetic-qa/types.ts">
        <metrics statements="0" coveredstatements="0" conditionals="0" coveredconditionals="0" methods="0" coveredmethods="0"/>
      </file>
    </package>
    <package name="lib.synthetic-qa.fixtures">
      <metrics statements="4" coveredstatements="4" conditionals="0" coveredconditionals="0" methods="0" coveredmethods="0"/>
      <file name="review-broken.ts" path="/Users/sarthak/Desktop/fleet/codevetter/apps/desktop/src/lib/synthetic-qa/fixtures/review-broken.ts">
        <metrics statements="2" coveredstatements="2" conditionals="0" coveredconditionals="0" methods="0" coveredmethods="0"/>
        <line num="9" count="1" type="stmt"/>
        <line num="33" count="1" type="stmt"/>
      </file>
      <file name="review-happy.ts" path="/Users/sarthak/Desktop/fleet/codevetter/apps/desktop/src/lib/synthetic-qa/fixtures/review-happy.ts">
        <metrics statements="2" coveredstatements="2" conditionals="0" coveredconditionals="0" methods="0" coveredmethods="0"/>
        <line num="9" count="1" type="stmt"/>
        <line num="33" count="1" type="stmt"/>
      </file>
    </package>
  </project>
</coverage>
