{"/Users/sarthak/Desktop/fleet/codevetter/apps/desktop/src/lib/agent-action-format.ts": {"path":"/Users/sarthak/Desktop/fleet/codevetter/apps/desktop/src/lib/agent-action-format.ts","statementMap":{"0":{"start":{"line":4,"column":21},"end":{"line":4,"column":null}},"1":{"start":{"line":5,"column":2},"end":{"line":20,"column":null}},"2":{"start":{"line":7,"column":6},"end":{"line":7,"column":null}},"3":{"start":{"line":9,"column":6},"end":{"line":9,"column":null}},"4":{"start":{"line":11,"column":6},"end":{"line":11,"column":null}},"5":{"start":{"line":13,"column":6},"end":{"line":13,"column":null}},"6":{"start":{"line":15,"column":6},"end":{"line":15,"column":null}},"7":{"start":{"line":17,"column":6},"end":{"line":17,"column":null}},"8":{"start":{"line":19,"column":6},"end":{"line":19,"column":null}},"9":{"start":{"line":24,"column":2},"end":{"line":24,"column":null}}},"fnMap":{"0":{"name":"describeAction","decl":{"start":{"line":3,"column":16},"end":{"line":3,"column":31}},"loc":{"start":{"line":3,"column":56},"end":{"line":21,"column":null}},"line":3},"1":{"name":"actionReasoning","decl":{"start":{"line":23,"column":16},"end":{"line":23,"column":32}},"loc":{"start":{"line":23,"column":57},"end":{"line":25,"column":null}},"line":23}},"branchMap":{"0":{"loc":{"start":{"line":5,"column":2},"end":{"line":20,"column":null}},"type":"switch","locations":[{"start":{"line":6,"column":4},"end":{"line":7,"column":null}},{"start":{"line":8,"column":4},"end":{"line":9,"column":null}},{"start":{"line":10,"column":4},"end":{"line":11,"column":null}},{"start":{"line":12,"column":4},"end":{"line":13,"column":null}},{"start":{"line":14,"column":4},"end":{"line":15,"column":null}},{"start":{"line":16,"column":4},"end":{"line":17,"column":null}},{"start":{"line":18,"column":4},"end":{"line":19,"column":null}}],"line":5},"1":{"loc":{"start":{"line":24,"column":9},"end":{"line":24,"column":null}},"type":"binary-expr","locations":[{"start":{"line":24,"column":9},"end":{"line":24,"column":34}},{"start":{"line":24,"column":34},"end":{"line":24,"column":null}}],"line":24}},"s":{"0":5,"1":5,"2":1,"3":1,"4":0,"5":1,"6":0,"7":1,"8":1,"9":1},"f":{"0":5,"1":1},"b":{"0":[1,1,0,1,0,1,1],"1":[1,0]},"meta":{"lastBranch":2,"lastFunction":2,"lastStatement":10,"seen":{"f:3:16:3:31":0,"s:4:21:4:Infinity":0,"b:6:4:7:Infinity:8:4:9:Infinity:10:4:11:Infinity:12:4:13:Infinity:14:4:15:Infinity:16:4:17:Infinity:18:4:19:Infinity":0,"s:5:2:20:Infinity":1,"s:7:6:7:Infinity":2,"s:9:6:9:Infinity":3,"s:11:6:11:Infinity":4,"s:13:6:13:Infinity":5,"s:15:6:15:Infinity":6,"s:17:6:17:Infinity":7,"s:19:6:19:Infinity":8,"f:23:16:23:32":1,"s:24:2:24:Infinity":9,"b:24:9:24:34:24:34:24:Infinity":1},"fnNames":{}}}
,"/Users/sarthak/Desktop/fleet/codevetter/apps/desktop/src/lib/agent-fix-packet.ts": {"path":"/Users/sarthak/Desktop/fleet/codevetter/apps/desktop/src/lib/agent-fix-packet.ts","statementMap":{"0":{"start":{"line":77,"column":2},"end":{"line":80,"column":null}},"1":{"start":{"line":79,"column":19},"end":{"line":79,"column":30}},"2":{"start":{"line":84,"column":16},"end":{"line":87,"column":null}},"3":{"start":{"line":86,"column":19},"end":{"line":86,"column":30}},"4":{"start":{"line":87,"column":20},"end":{"line":87,"column":71}},"5":{"start":{"line":88,"column":2},"end":{"line":88,"column":null}},"6":{"start":{"line":92,"column":2},"end":{"line":99,"column":null}},"7":{"start":{"line":94,"column":19},"end":{"line":94,"column":30}},"8":{"start":{"line":95,"column":22},"end":{"line":95,"column":43}},"9":{"start":{"line":96,"column":19},"end":{"line":96,"column":39}},"10":{"start":{"line":98,"column":6},"end":{"line":98,"column":null}},"11":{"start":{"line":108,"column":2},"end":{"line":110,"column":null}},"12":{"start":{"line":109,"column":4},"end":{"line":109,"column":null}},"13":{"start":{"line":111,"column":2},"end":{"line":113,"column":null}},"14":{"start":{"line":112,"column":4},"end":{"line":112,"column":null}},"15":{"start":{"line":114,"column":2},"end":{"line":116,"column":null}},"16":{"start":{"line":115,"column":4},"end":{"line":115,"column":null}},"17":{"start":{"line":117,"column":2},"end":{"line":117,"column":null}},"18":{"start":{"line":131,"column":24},"end":{"line":133,"column":null}},"19":{"start":{"line":132,"column":4},"end":{"line":132,"column":null}},"20":{"start":{"line":134,"column":25},"end":{"line":135,"column":null}},"21":{"start":{"line":134,"column":61},"end":{"line":134,"column":94}},"22":{"start":{"line":136,"column":26},"end":{"line":137,"column":null}},"23":{"start":{"line":136,"column":62},"end":{"line":136,"column":94}},"24":{"start":{"line":139,"column":2},"end":{"line":190,"column":null}},"25":{"start":{"line":153,"column":23},"end":{"line":153,"column":null}},"26":{"start":{"line":154,"column":22},"end":{"line":154,"column":null}},"27":{"start":{"line":155,"column":66},"end":{"line":155,"column":null}},"28":{"start":{"line":157,"column":6},"end":{"line":166,"column":null}},"29":{"start":{"line":158,"column":8},"end":{"line":165,"column":null}},"30":{"start":{"line":168,"column":6},"end":{"line":179,"column":null}},"31":{"start":{"line":168,"column":60},"end":{"line":168,"column":72}},"32":{"start":{"line":169,"column":8},"end":{"line":178,"column":null}},"33":{"start":{"line":181,"column":6},"end":{"line":188,"column":null}},"34":{"start":{"line":194,"column":24},"end":{"line":194,"column":null}},"35":{"start":{"line":195,"column":2},"end":{"line":195,"column":null}},"36":{"start":{"line":196,"column":2},"end":{"line":196,"column":null}},"37":{"start":{"line":197,"column":2},"end":{"line":197,"column":null}},"38":{"start":{"line":198,"column":2},"end":{"line":198,"column":null}},"39":{"start":{"line":199,"column":2},"end":{"line":199,"column":null}},"40":{"start":{"line":200,"column":2},"end":{"line":200,"column":null}},"41":{"start":{"line":201,"column":2},"end":{"line":201,"column":null}},"42":{"start":{"line":201,"column":31},"end":{"line":201,"column":null}},"43":{"start":{"line":202,"column":2},"end":{"line":205,"column":null}},"44":{"start":{"line":203,"column":4},"end":{"line":203,"column":null}},"45":{"start":{"line":204,"column":4},"end":{"line":204,"column":null}},"46":{"start":{"line":204,"column":60},"end":{"line":204,"column":81}},"47":{"start":{"line":206,"column":2},"end":{"line":209,"column":null}},"48":{"start":{"line":207,"column":4},"end":{"line":207,"column":null}},"49":{"start":{"line":208,"column":4},"end":{"line":208,"column":null}},"50":{"start":{"line":208,"column":50},"end":{"line":208,"column":71}},"51":{"start":{"line":210,"column":2},"end":{"line":238,"column":null}},"52":{"start":{"line":211,"column":19},"end":{"line":211,"column":null}},"53":{"start":{"line":212,"column":22},"end":{"line":216,"column":null}},"54":{"start":{"line":217,"column":4},"end":{"line":217,"column":null}},"55":{"start":{"line":218,"column":4},"end":{"line":220,"column":null}},"56":{"start":{"line":221,"column":4},"end":{"line":237,"column":null}},"57":{"start":{"line":222,"column":20},"end":{"line":232,"column":null}},"58":{"start":{"line":233,"column":6},"end":{"line":233,"column":null}},"59":{"start":{"line":234,"column":6},"end":{"line":236,"column":null}},"60":{"start":{"line":235,"column":8},"end":{"line":235,"column":null}},"61":{"start":{"line":239,"column":2},"end":{"line":239,"column":null}},"62":{"start":{"line":240,"column":2},"end":{"line":260,"column":null}},"63":{"start":{"line":241,"column":16},"end":{"line":243,"column":null}},"64":{"start":{"line":244,"column":4},"end":{"line":244,"column":null}},"65":{"start":{"line":245,"column":4},"end":{"line":245,"column":null}},"66":{"start":{"line":246,"column":4},"end":{"line":246,"column":null}},"67":{"start":{"line":246,"column":28},"end":{"line":246,"column":null}},"68":{"start":{"line":247,"column":4},"end":{"line":259,"column":null}},"69":{"start":{"line":248,"column":20},"end":{"line":257,"column":null}},"70":{"start":{"line":258,"column":6},"end":{"line":258,"column":null}},"71":{"start":{"line":261,"column":2},"end":{"line":261,"column":null}}},"fnMap":{"0":{"name":"lines","decl":{"start":{"line":76,"column":9},"end":{"line":76,"column":15}},"loc":{"start":{"line":76,"column":40},"end":{"line":81,"column":null}},"line":76},"1":{"name":"(anonymous_1)","decl":{"start":{"line":79,"column":9},"end":{"line":79,"column":10}},"loc":{"start":{"line":79,"column":19},"end":{"line":79,"column":30}},"line":79},"2":{"name":"firstMatchingLine","decl":{"start":{"line":83,"column":9},"end":{"line":83,"column":27}},"loc":{"start":{"line":83,"column":66},"end":{"line":89,"column":null}},"line":83},"3":{"name":"(anonymous_3)","decl":{"start":{"line":86,"column":9},"end":{"line":86,"column":10}},"loc":{"start":{"line":86,"column":19},"end":{"line":86,"column":30}},"line":86},"4":{"name":"(anonymous_4)","decl":{"start":{"line":87,"column":10},"end":{"line":87,"column":11}},"loc":{"start":{"line":87,"column":20},"end":{"line":87,"column":71}},"line":87},"5":{"name":"artifactLines","decl":{"start":{"line":91,"column":9},"end":{"line":91,"column":23}},"loc":{"start":{"line":91,"column":48},"end":{"line":100,"column":null}},"line":91},"6":{"name":"(anonymous_6)","decl":{"start":{"line":94,"column":9},"end":{"line":94,"column":10}},"loc":{"start":{"line":94,"column":19},"end":{"line":94,"column":30}},"line":94},"7":{"name":"(anonymous_7)","decl":{"start":{"line":95,"column":12},"end":{"line":95,"column":13}},"loc":{"start":{"line":95,"column":22},"end":{"line":95,"column":43}},"line":95},"8":{"name":"(anonymous_8)","decl":{"start":{"line":96,"column":9},"end":{"line":96,"column":10}},"loc":{"start":{"line":96,"column":19},"end":{"line":96,"column":39}},"line":96},"9":{"name":"(anonymous_9)","decl":{"start":{"line":97,"column":12},"end":{"line":97,"column":13}},"loc":{"start":{"line":98,"column":6},"end":{"line":98,"column":null}},"line":98},"10":{"name":"buildUsageRouteAdvice","decl":{"start":{"line":102,"column":16},"end":{"line":102,"column":38}},"loc":{"start":{"line":107,"column":11},"end":{"line":118,"column":null}},"line":107},"11":{"name":"buildAgentFixPacket","decl":{"start":{"line":120,"column":16},"end":{"line":120,"column":36}},"loc":{"start":{"line":130,"column":19},"end":{"line":191,"column":null}},"line":130},"12":{"name":"(anonymous_12)","decl":{"start":{"line":131,"column":46},"end":{"line":131,"column":47}},"loc":{"start":{"line":132,"column":4},"end":{"line":132,"column":null}},"line":132},"13":{"name":"(anonymous_13)","decl":{"start":{"line":134,"column":47},"end":{"line":134,"column":48}},"loc":{"start":{"line":134,"column":61},"end":{"line":134,"column":94}},"line":134},"14":{"name":"(anonymous_14)","decl":{"start":{"line":136,"column":48},"end":{"line":136,"column":49}},"loc":{"start":{"line":136,"column":62},"end":{"line":136,"column":94}},"line":136},"15":{"name":"(anonymous_15)","decl":{"start":{"line":152,"column":33},"end":{"line":152,"column":34}},"loc":{"start":{"line":152,"column":51},"end":{"line":189,"column":5}},"line":152},"16":{"name":"(anonymous_16)","decl":{"start":{"line":168,"column":49},"end":{"line":168,"column":50}},"loc":{"start":{"line":168,"column":60},"end":{"line":168,"column":72}},"line":168},"17":{"name":"renderAgentFixPacketMarkdown","decl":{"start":{"line":193,"column":16},"end":{"line":193,"column":45}},"loc":{"start":{"line":193,"column":77},"end":{"line":262,"column":null}},"line":193},"18":{"name":"(anonymous_18)","decl":{"start":{"line":204,"column":50},"end":{"line":204,"column":51}},"loc":{"start":{"line":204,"column":60},"end":{"line":204,"column":81}},"line":204},"19":{"name":"(anonymous_19)","decl":{"start":{"line":208,"column":40},"end":{"line":208,"column":41}},"loc":{"start":{"line":208,"column":50},"end":{"line":208,"column":71}},"line":208},"20":{"name":"(anonymous_20)","decl":{"start":{"line":221,"column":39},"end":{"line":221,"column":40}},"loc":{"start":{"line":221,"column":51},"end":{"line":237,"column":5}},"line":221},"21":{"name":"(anonymous_21)","decl":{"start":{"line":234,"column":49},"end":{"line":234,"column":50}},"loc":{"start":{"line":234,"column":62},"end":{"line":236,"column":7}},"line":234},"22":{"name":"(anonymous_22)","decl":{"start":{"line":240,"column":26},"end":{"line":240,"column":27}},"loc":{"start":{"line":240,"column":46},"end":{"line":260,"column":3}},"line":240}},"branchMap":{"0":{"loc":{"start":{"line":88,"column":9},"end":{"line":88,"column":null}},"type":"cond-expr","locations":[{"start":{"line":88,"column":17},"end":{"line":88,"column":53}},{"start":{"line":88,"column":53},"end":{"line":88,"column":null}}],"line":88},"1":{"loc":{"start":{"line":108,"column":2},"end":{"line":110,"column":null}},"type":"if","locations":[{"start":{"line":108,"column":2},"end":{"line":110,"column":null}},{"start":{},"end":{}}],"line":108},"2":{"loc":{"start":{"line":108,"column":6},"end":{"line":108,"column":60}},"type":"binary-expr","locations":[{"start":{"line":108,"column":6},"end":{"line":108,"column":33}},{"start":{"line":108,"column":33},"end":{"line":108,"column":60}}],"line":108},"3":{"loc":{"start":{"line":111,"column":2},"end":{"line":113,"column":null}},"type":"if","locations":[{"start":{"line":111,"column":2},"end":{"line":113,"column":null}},{"start":{},"end":{}}],"line":111},"4":{"loc":{"start":{"line":114,"column":2},"end":{"line":116,"column":null}},"type":"if","locations":[{"start":{"line":114,"column":2},"end":{"line":116,"column":null}},{"start":{},"end":{}}],"line":114},"5":{"loc":{"start":{"line":140,"column":15},"end":{"line":140,"column":null}},"type":"binary-expr","locations":[{"start":{"line":140,"column":15},"end":{"line":140,"column":34}},{"start":{"line":140,"column":21},"end":{"line":140,"column":null}}],"line":140},"6":{"loc":{"start":{"line":157,"column":6},"end":{"line":166,"column":null}},"type":"if","locations":[{"start":{"line":157,"column":6},"end":{"line":166,"column":null}},{"start":{},"end":{}}],"line":157},"7":{"loc":{"start":{"line":161,"column":20},"end":{"line":161,"column":null}},"type":"binary-expr","locations":[{"start":{"line":161,"column":20},"end":{"line":161,"column":48}},{"start":{"line":161,"column":48},"end":{"line":161,"column":null}}],"line":161},"8":{"loc":{"start":{"line":162,"column":17},"end":{"line":162,"column":null}},"type":"cond-expr","locations":[{"start":{"line":162,"column":34},"end":{"line":162,"column":80}},{"start":{"line":162,"column":80},"end":{"line":162,"column":null}}],"line":162},"9":{"loc":{"start":{"line":163,"column":17},"end":{"line":163,"column":null}},"type":"binary-expr","locations":[{"start":{"line":163,"column":17},"end":{"line":163,"column":42}},{"start":{"line":163,"column":42},"end":{"line":163,"column":null}}],"line":163},"10":{"loc":{"start":{"line":168,"column":6},"end":{"line":179,"column":null}},"type":"if","locations":[{"start":{"line":168,"column":6},"end":{"line":179,"column":null}},{"start":{},"end":{}}],"line":168},"11":{"loc":{"start":{"line":168,"column":10},"end":{"line":168,"column":75}},"type":"binary-expr","locations":[{"start":{"line":168,"column":10},"end":{"line":168,"column":21}},{"start":{"line":168,"column":21},"end":{"line":168,"column":75}}],"line":168},"12":{"loc":{"start":{"line":172,"column":17},"end":{"line":172,"column":null}},"type":"binary-expr","locations":[{"start":{"line":172,"column":17},"end":{"line":172,"column":41}},{"start":{"line":172,"column":41},"end":{"line":172,"column":null}}],"line":172},"13":{"loc":{"start":{"line":173,"column":26},"end":{"line":173,"column":null}},"type":"binary-expr","locations":[{"start":{"line":173,"column":26},"end":{"line":173,"column":59}},{"start":{"line":173,"column":59},"end":{"line":173,"column":null}}],"line":173},"14":{"loc":{"start":{"line":174,"column":22},"end":{"line":174,"column":null}},"type":"binary-expr","locations":[{"start":{"line":174,"column":22},"end":{"line":174,"column":51}},{"start":{"line":174,"column":51},"end":{"line":174,"column":null}}],"line":174},"15":{"loc":{"start":{"line":183,"column":18},"end":{"line":183,"column":null}},"type":"binary-expr","locations":[{"start":{"line":183,"column":18},"end":{"line":183,"column":44}},{"start":{"line":183,"column":44},"end":{"line":183,"column":null}}],"line":183},"16":{"loc":{"start":{"line":186,"column":22},"end":{"line":186,"column":null}},"type":"binary-expr","locations":[{"start":{"line":186,"column":22},"end":{"line":186,"column":55}},{"start":{"line":186,"column":55},"end":{"line":186,"column":null}}],"line":186},"17":{"loc":{"start":{"line":198,"column":20},"end":{"line":198,"column":52}},"type":"binary-expr","locations":[{"start":{"line":198,"column":20},"end":{"line":198,"column":40}},{"start":{"line":198,"column":40},"end":{"line":198,"column":52}}],"line":198},"18":{"loc":{"start":{"line":201,"column":2},"end":{"line":201,"column":null}},"type":"if","locations":[{"start":{"line":201,"column":2},"end":{"line":201,"column":null}},{"start":{},"end":{}}],"line":201},"19":{"loc":{"start":{"line":202,"column":2},"end":{"line":205,"column":null}},"type":"if","locations":[{"start":{"line":202,"column":2},"end":{"line":205,"column":null}},{"start":{},"end":{}}],"line":202},"20":{"loc":{"start":{"line":206,"column":2},"end":{"line":209,"column":null}},"type":"if","locations":[{"start":{"line":206,"column":2},"end":{"line":209,"column":null}},{"start":{},"end":{}}],"line":206},"21":{"loc":{"start":{"line":210,"column":2},"end":{"line":238,"column":null}},"type":"if","locations":[{"start":{"line":210,"column":2},"end":{"line":238,"column":null}},{"start":{},"end":{}}],"line":210},"22":{"loc":{"start":{"line":213,"column":6},"end":{"line":213,"column":null}},"type":"cond-expr","locations":[{"start":{"line":213,"column":24},"end":{"line":213,"column":52}},{"start":{"line":213,"column":52},"end":{"line":213,"column":null}}],"line":213},"23":{"loc":{"start":{"line":214,"column":6},"end":{"line":214,"column":null}},"type":"cond-expr","locations":[{"start":{"line":214,"column":24},"end":{"line":214,"column":52}},{"start":{"line":214,"column":52},"end":{"line":214,"column":null}}],"line":214},"24":{"loc":{"start":{"line":215,"column":6},"end":{"line":215,"column":null}},"type":"cond-expr","locations":[{"start":{"line":215,"column":32},"end":{"line":215,"column":60}},{"start":{"line":215,"column":60},"end":{"line":215,"column":null}}],"line":215},"25":{"loc":{"start":{"line":219,"column":79},"end":{"line":219,"column":135}},"type":"cond-expr","locations":[{"start":{"line":219,"column":102},"end":{"line":219,"column":133}},{"start":{"line":219,"column":133},"end":{"line":219,"column":135}}],"line":219},"26":{"loc":{"start":{"line":223,"column":8},"end":{"line":223,"column":null}},"type":"binary-expr","locations":[{"start":{"line":223,"column":8},"end":{"line":223,"column":25}},{"start":{"line":223,"column":25},"end":{"line":223,"column":null}}],"line":223},"27":{"loc":{"start":{"line":225,"column":8},"end":{"line":225,"column":null}},"type":"cond-expr","locations":[{"start":{"line":225,"column":28},"end":{"line":225,"column":60}},{"start":{"line":225,"column":60},"end":{"line":225,"column":null}}],"line":225},"28":{"loc":{"start":{"line":226,"column":8},"end":{"line":226,"column":null}},"type":"cond-expr","locations":[{"start":{"line":226,"column":36},"end":{"line":226,"column":66}},{"start":{"line":226,"column":66},"end":{"line":226,"column":null}}],"line":226},"29":{"loc":{"start":{"line":227,"column":8},"end":{"line":227,"column":null}},"type":"cond-expr","locations":[{"start":{"line":227,"column":25},"end":{"line":227,"column":53}},{"start":{"line":227,"column":53},"end":{"line":227,"column":null}}],"line":227},"30":{"loc":{"start":{"line":228,"column":8},"end":{"line":228,"column":null}},"type":"cond-expr","locations":[{"start":{"line":228,"column":27},"end":{"line":228,"column":59}},{"start":{"line":228,"column":59},"end":{"line":228,"column":null}}],"line":228},"31":{"loc":{"start":{"line":229,"column":8},"end":{"line":229,"column":null}},"type":"cond-expr","locations":[{"start":{"line":229,"column":26},"end":{"line":229,"column":58}},{"start":{"line":229,"column":58},"end":{"line":229,"column":null}}],"line":229},"32":{"loc":{"start":{"line":230,"column":8},"end":{"line":230,"column":null}},"type":"cond-expr","locations":[{"start":{"line":230,"column":26},"end":{"line":230,"column":54}},{"start":{"line":230,"column":54},"end":{"line":230,"column":null}}],"line":230},"33":{"loc":{"start":{"line":231,"column":8},"end":{"line":231,"column":null}},"type":"cond-expr","locations":[{"start":{"line":231,"column":26},"end":{"line":231,"column":58}},{"start":{"line":231,"column":58},"end":{"line":231,"column":null}}],"line":231},"34":{"loc":{"start":{"line":233,"column":37},"end":{"line":233,"column":85}},"type":"cond-expr","locations":[{"start":{"line":233,"column":56},"end":{"line":233,"column":83}},{"start":{"line":233,"column":83},"end":{"line":233,"column":85}}],"line":233},"35":{"loc":{"start":{"line":241,"column":16},"end":{"line":243,"column":null}},"type":"cond-expr","locations":[{"start":{"line":242,"column":8},"end":{"line":242,"column":null}},{"start":{"line":243,"column":8},"end":{"line":243,"column":null}}],"line":241},"36":{"loc":{"start":{"line":242,"column":32},"end":{"line":242,"column":78}},"type":"cond-expr","locations":[{"start":{"line":242,"column":55},"end":{"line":242,"column":76}},{"start":{"line":242,"column":76},"end":{"line":242,"column":78}}],"line":242},"37":{"loc":{"start":{"line":246,"column":4},"end":{"line":246,"column":null}},"type":"if","locations":[{"start":{"line":246,"column":4},"end":{"line":246,"column":null}},{"start":{},"end":{}}],"line":246},"38":{"loc":{"start":{"line":247,"column":27},"end":{"line":247,"column":55}},"type":"binary-expr","locations":[{"start":{"line":247,"column":27},"end":{"line":247,"column":51}},{"start":{"line":247,"column":51},"end":{"line":247,"column":55}}],"line":247},"39":{"loc":{"start":{"line":251,"column":8},"end":{"line":251,"column":null}},"type":"cond-expr","locations":[{"start":{"line":251,"column":25},"end":{"line":251,"column":53}},{"start":{"line":251,"column":53},"end":{"line":251,"column":null}}],"line":251},"40":{"loc":{"start":{"line":252,"column":8},"end":{"line":252,"column":null}},"type":"cond-expr","locations":[{"start":{"line":252,"column":28},"end":{"line":252,"column":62}},{"start":{"line":252,"column":62},"end":{"line":252,"column":null}}],"line":252},"41":{"loc":{"start":{"line":253,"column":8},"end":{"line":253,"column":null}},"type":"cond-expr","locations":[{"start":{"line":253,"column":34},"end":{"line":253,"column":76}},{"start":{"line":253,"column":76},"end":{"line":253,"column":null}}],"line":253},"42":{"loc":{"start":{"line":254,"column":8},"end":{"line":254,"column":null}},"type":"cond-expr","locations":[{"start":{"line":254,"column":41},"end":{"line":254,"column":93}},{"start":{"line":254,"column":93},"end":{"line":254,"column":null}}],"line":254},"43":{"loc":{"start":{"line":255,"column":8},"end":{"line":255,"column":null}},"type":"cond-expr","locations":[{"start":{"line":255,"column":43},"end":{"line":255,"column":99}},{"start":{"line":255,"column":99},"end":{"line":255,"column":null}}],"line":255},"44":{"loc":{"start":{"line":256,"column":8},"end":{"line":256,"column":null}},"type":"cond-expr","locations":[{"start":{"line":256,"column":39},"end":{"line":256,"column":87}},{"start":{"line":256,"column":87},"end":{"line":256,"column":null}}],"line":256}},"s":{"0":7,"1":9,"2":1,"3":5,"4":2,"5":1,"6":1,"7":5,"8":5,"9":1,"10":1,"11":2,"12":2,"13":0,"14":0,"15":0,"16":0,"17":0,"18":1,"19":1,"20":1,"21":1,"22":1,"23":1,"24":1,"25":1,"26":1,"27":1,"28":1,"29":1,"30":1,"31":1,"32":1,"33":1,"34":1,"35":1,"36":1,"37":1,"38":1,"39":1,"40":1,"41":1,"42":1,"43":1,"44":1,"45":1,"46":2,"47":1,"48":1,"49":1,"50":1,"51":1,"52":1,"53":1,"54":1,"55":1,"56":1,"57":1,"58":1,"59":1,"60":2,"61":1,"62":1,"63":1,"64":1,"65":1,"66":1,"67":1,"68":1,"69":2,"70":2,"71":1},"f":{"0":7,"1":9,"2":1,"3":5,"4":2,"5":1,"6":5,"7":5,"8":1,"9":1,"10":2,"11":1,"12":1,"13":1,"14":1,"15":1,"16":1,"17":1,"18":2,"19":1,"20":1,"21":2,"22":1},"b":{"0":[1,0],"1":[2,0],"2":[2,0],"3":[0,0],"4":[0,0],"5":[1,0],"6":[1,0],"7":[1,0],"8":[1,0],"9":[1,0],"10":[1,0],"11":[1,1],"12":[1,0],"13":[1,0],"14":[1,0],"15":[1,0],"16":[1,0],"17":[1,0],"18":[1,0],"19":[1,0],"20":[1,0],"21":[1,0],"22":[1,0],"23":[1,0],"24":[1,0],"25":[1,0],"26":[1,0],"27":[1,0],"28":[1,0],"29":[1,0],"30":[1,0],"31":[1,0],"32":[1,0],"33":[1,0],"34":[1,0],"35":[1,0],"36":[1,0],"37":[1,0],"38":[1,0],"39":[2,0],"40":[1,1],"41":[1,1],"42":[1,1],"43":[1,1],"44":[2,0]},"meta":{"lastBranch":45,"lastFunction":23,"lastStatement":72,"seen":{"f:76:9:76:15":0,"s:77:2:80:Infinity":0,"f:79:9:79:10":1,"s:79:19:79:30":1,"f:83:9:83:27":2,"s:84:16:87:Infinity":2,"f:86:9:86:10":3,"s:86:19:86:30":3,"f:87:10:87:11":4,"s:87:20:87:71":4,"s:88:2:88:Infinity":5,"b:88:17:88:53:88:53:88:Infinity":0,"f:91:9:91:23":5,"s:92:2:99:Infinity":6,"f:94:9:94:10":6,"s:94:19:94:30":7,"f:95:12:95:13":7,"s:95:22:95:43":8,"f:96:9:96:10":8,"s:96:19:96:39":9,"f:97:12:97:13":9,"s:98:6:98:Infinity":10,"f:102:16:102:38":10,"b:108:2:110:Infinity:undefined:undefined:undefined:undefined":1,"s:108:2:110:Infinity":11,"b:108:6:108:33:108:33:108:60":2,"s:109:4:109:Infinity":12,"b:111:2:113:Infinity:undefined:undefined:undefined:undefined":3,"s:111:2:113:Infinity":13,"s:112:4:112:Infinity":14,"b:114:2:116:Infinity:undefined:undefined:undefined:undefined":4,"s:114:2:116:Infinity":15,"s:115:4:115:Infinity":16,"s:117:2:117:Infinity":17,"f:120:16:120:36":11,"s:131:24:133:Infinity":18,"f:131:46:131:47":12,"s:132:4:132:Infinity":19,"s:134:25:135:Infinity":20,"f:134:47:134:48":13,"s:134:61:134:94":21,"s:136:26:137:Infinity":22,"f:136:48:136:49":14,"s:136:62:136:94":23,"s:139:2:190:Infinity":24,"b:140:15:140:34:140:21:140:Infinity":5,"f:152:33:152:34":15,"s:153:23:153:Infinity":25,"s:154:22:154:Infinity":26,"s:155:66:155:Infinity":27,"b:157:6:166:Infinity:undefined:undefined:undefined:undefined":6,"s:157:6:166:Infinity":28,"s:158:8:165:Infinity":29,"b:161:20:161:48:161:48:161:Infinity":7,"b:162:34:162:80:162:80:162:Infinity":8,"b:163:17:163:42:163:42:163:Infinity":9,"b:168:6:179:Infinity:undefined:undefined:undefined:undefined":10,"s:168:6:179:Infinity":30,"b:168:10:168:21:168:21:168:75":11,"f:168:49:168:50":16,"s:168:60:168:72":31,"s:169:8:178:Infinity":32,"b:172:17:172:41:172:41:172:Infinity":12,"b:173:26:173:59:173:59:173:Infinity":13,"b:174:22:174:51:174:51:174:Infinity":14,"s:181:6:188:Infinity":33,"b:183:18:183:44:183:44:183:Infinity":15,"b:186:22:186:55:186:55:186:Infinity":16,"f:193:16:193:45":17,"s:194:24:194:Infinity":34,"s:195:2:195:Infinity":35,"s:196:2:196:Infinity":36,"s:197:2:197:Infinity":37,"s:198:2:198:Infinity":38,"b:198:20:198:40:198:40:198:52":17,"s:199:2:199:Infinity":39,"s:200:2:200:Infinity":40,"b:201:2:201:Infinity:undefined:undefined:undefined:undefined":18,"s:201:2:201:Infinity":41,"s:201:31:201:Infinity":42,"b:202:2:205:Infinity:undefined:undefined:undefined:undefined":19,"s:202:2:205:Infinity":43,"s:203:4:203:Infinity":44,"s:204:4:204:Infinity":45,"f:204:50:204:51":18,"s:204:60:204:81":46,"b:206:2:209:Infinity:undefined:undefined:undefined:undefined":20,"s:206:2:209:Infinity":47,"s:207:4:207:Infinity":48,"s:208:4:208:Infinity":49,"f:208:40:208:41":19,"s:208:50:208:71":50,"b:210:2:238:Infinity:undefined:undefined:undefined:undefined":21,"s:210:2:238:Infinity":51,"s:211:19:211:Infinity":52,"s:212:22:216:Infinity":53,"b:213:24:213:52:213:52:213:Infinity":22,"b:214:24:214:52:214:52:214:Infinity":23,"b:215:32:215:60:215:60:215:Infinity":24,"s:217:4:217:Infinity":54,"s:218:4:220:Infinity":55,"b:219:102:219:133:219:133:219:135":25,"s:221:4:237:Infinity":56,"f:221:39:221:40":20,"s:222:20:232:Infinity":57,"b:223:8:223:25:223:25:223:Infinity":26,"b:225:28:225:60:225:60:225:Infinity":27,"b:226:36:226:66:226:66:226:Infinity":28,"b:227:25:227:53:227:53:227:Infinity":29,"b:228:27:228:59:228:59:228:Infinity":30,"b:229:26:229:58:229:58:229:Infinity":31,"b:230:26:230:54:230:54:230:Infinity":32,"b:231:26:231:58:231:58:231:Infinity":33,"s:233:6:233:Infinity":58,"b:233:56:233:83:233:83:233:85":34,"s:234:6:236:Infinity":59,"f:234:49:234:50":21,"s:235:8:235:Infinity":60,"s:239:2:239:Infinity":61,"s:240:2:260:Infinity":62,"f:240:26:240:27":22,"s:241:16:243:Infinity":63,"b:242:8:242:Infinity:243:8:243:Infinity":35,"b:242:55:242:76:242:76:242:78":36,"s:244:4:244:Infinity":64,"s:245:4:245:Infinity":65,"b:246:4:246:Infinity:undefined:undefined:undefined:undefined":37,"s:246:4:246:Infinity":66,"s:246:28:246:Infinity":67,"s:247:4:259:Infinity":68,"b:247:27:247:51:247:51:247:55":38,"s:248:20:257:Infinity":69,"b:251:25:251:53:251:53:251:Infinity":39,"b:252:28:252:62:252:62:252:Infinity":40,"b:253:34:253:76:253:76:253:Infinity":41,"b:254:41:254:93:254:93:254:Infinity":42,"b:255:43:255:99:255:99:255:Infinity":43,"b:256:39:256:87:256:87:256:Infinity":44,"s:258:6:258:Infinity":70,"s:261:2:261:Infinity":71},"fnNames":{}}}
,"/Users/sarthak/Desktop/fleet/codevetter/apps/desktop/src/lib/analytics.ts": {"path":"/Users/sarthak/Desktop/fleet/codevetter/apps/desktop/src/lib/analytics.ts","statementMap":{"0":{"start":{"line":22,"column":16},"end":{"line":22,"column":null}},"1":{"start":{"line":25,"column":20},"end":{"line":25,"column":null}},"2":{"start":{"line":26,"column":21},"end":{"line":26,"column":null}},"3":{"start":{"line":31,"column":23},"end":{"line":31,"column":null}},"4":{"start":{"line":32,"column":25},"end":{"line":32,"column":null}},"5":{"start":{"line":33,"column":22},"end":{"line":33,"column":null}},"6":{"start":{"line":41,"column":2},"end":{"line":53,"column":null}},"7":{"start":{"line":42,"column":13},"end":{"line":42,"column":null}},"8":{"start":{"line":43,"column":4},"end":{"line":49,"column":null}},"9":{"start":{"line":44,"column":6},"end":{"line":47,"column":null}},"10":{"start":{"line":48,"column":6},"end":{"line":48,"column":null}},"11":{"start":{"line":50,"column":4},"end":{"line":50,"column":null}},"12":{"start":{"line":52,"column":4},"end":{"line":52,"column":null}},"13":{"start":{"line":58,"column":2},"end":{"line":74,"column":null}},"14":{"start":{"line":59,"column":20},"end":{"line":59,"column":null}},"15":{"start":{"line":60,"column":4},"end":{"line":71,"column":null}},"16":{"start":{"line":83,"column":2},"end":{"line":96,"column":null}},"17":{"start":{"line":84,"column":28},"end":{"line":84,"column":null}},"18":{"start":{"line":85,"column":4},"end":{"line":89,"column":null}},"19":{"start":{"line":86,"column":6},"end":{"line":86,"column":null}},"20":{"start":{"line":87,"column":6},"end":{"line":87,"column":null}},"21":{"start":{"line":88,"column":6},"end":{"line":88,"column":null}},"22":{"start":{"line":91,"column":4},"end":{"line":93,"column":null}},"23":{"start":{"line":92,"column":6},"end":{"line":92,"column":null}},"24":{"start":{"line":104,"column":2},"end":{"line":111,"column":null}},"25":{"start":{"line":105,"column":4},"end":{"line":108,"column":null}},"26":{"start":{"line":106,"column":6},"end":{"line":106,"column":null}},"27":{"start":{"line":107,"column":6},"end":{"line":107,"column":null}},"28":{"start":{"line":112,"column":2},"end":{"line":112,"column":null}}},"fnMap":{"0":{"name":"getInstallId","decl":{"start":{"line":40,"column":9},"end":{"line":40,"column":32}},"loc":{"start":{"line":40,"column":32},"end":{"line":54,"column":null}},"line":40},"1":{"name":"emit","decl":{"start":{"line":57,"column":9},"end":{"line":57,"column":14}},"loc":{"start":{"line":57,"column":67},"end":{"line":75,"column":null}},"line":57},"2":{"name":"(anonymous_2)","decl":{"start":{"line":69,"column":13},"end":{"line":69,"column":19}},"loc":{"start":{"line":69,"column":19},"end":{"line":71,"column":5}},"line":69},"3":{"name":"trackAppLaunch","decl":{"start":{"line":82,"column":16},"end":{"line":82,"column":39}},"loc":{"start":{"line":82,"column":39},"end":{"line":97,"column":null}},"line":82},"4":{"name":"trackCoreAction","decl":{"start":{"line":103,"column":16},"end":{"line":103,"column":32}},"loc":{"start":{"line":103,"column":58},"end":{"line":113,"column":null}},"line":103}},"branchMap":{"0":{"loc":{"start":{"line":43,"column":4},"end":{"line":49,"column":null}},"type":"if","locations":[{"start":{"line":43,"column":4},"end":{"line":49,"column":null}},{"start":{},"end":{}}],"line":43},"1":{"loc":{"start":{"line":45,"column":8},"end":{"line":47,"column":null}},"type":"cond-expr","locations":[{"start":{"line":46,"column":12},"end":{"line":46,"column":null}},{"start":{"line":47,"column":12},"end":{"line":47,"column":null}}],"line":45},"2":{"loc":{"start":{"line":45,"column":8},"end":{"line":45,"column":null}},"type":"binary-expr","locations":[{"start":{"line":45,"column":8},"end":{"line":45,"column":41}},{"start":{"line":45,"column":41},"end":{"line":45,"column":null}}],"line":45},"3":{"loc":{"start":{"line":85,"column":4},"end":{"line":89,"column":null}},"type":"if","locations":[{"start":{"line":85,"column":4},"end":{"line":89,"column":null}},{"start":{},"end":{}}],"line":85},"4":{"loc":{"start":{"line":91,"column":4},"end":{"line":93,"column":null}},"type":"if","locations":[{"start":{"line":91,"column":4},"end":{"line":93,"column":null}},{"start":{},"end":{}}],"line":91},"5":{"loc":{"start":{"line":105,"column":4},"end":{"line":108,"column":null}},"type":"if","locations":[{"start":{"line":105,"column":4},"end":{"line":108,"column":null}},{"start":{},"end":{}}],"line":105}},"s":{"0":1,"1":1,"2":1,"3":1,"4":1,"5":1,"6":10,"7":10,"8":10,"9":4,"10":4,"11":10,"12":0,"13":10,"14":10,"15":10,"16":4,"17":4,"18":4,"19":2,"20":2,"21":2,"22":2,"23":1,"24":4,"25":4,"26":3,"27":3,"28":4},"f":{"0":10,"1":10,"2":0,"3":4,"4":4},"b":{"0":[4,6],"1":[4,0],"2":[4,4],"3":[2,2],"4":[1,1],"5":[3,1]},"meta":{"lastBranch":6,"lastFunction":5,"lastStatement":29,"seen":{"s:22:16:22:Infinity":0,"s:25:20:25:Infinity":1,"s:26:21:26:Infinity":2,"s:31:23:31:Infinity":3,"s:32:25:32:Infinity":4,"s:33:22:33:Infinity":5,"f:40:9:40:32":0,"s:41:2:53:Infinity":6,"s:42:13:42:Infinity":7,"b:43:4:49:Infinity:undefined:undefined:undefined:undefined":0,"s:43:4:49:Infinity":8,"s:44:6:47:Infinity":9,"b:46:12:46:Infinity:47:12:47:Infinity":1,"b:45:8:45:41:45:41:45:Infinity":2,"s:48:6:48:Infinity":10,"s:50:4:50:Infinity":11,"s:52:4:52:Infinity":12,"f:57:9:57:14":1,"s:58:2:74:Infinity":13,"s:59:20:59:Infinity":14,"s:60:4:71:Infinity":15,"f:69:13:69:19":2,"f:82:16:82:39":3,"s:83:2:96:Infinity":16,"s:84:28:84:Infinity":17,"b:85:4:89:Infinity:undefined:undefined:undefined:undefined":3,"s:85:4:89:Infinity":18,"s:86:6:86:Infinity":19,"s:87:6:87:Infinity":20,"s:88:6:88:Infinity":21,"b:91:4:93:Infinity:undefined:undefined:undefined:undefined":4,"s:91:4:93:Infinity":22,"s:92:6:92:Infinity":23,"f:103:16:103:32":4,"s:104:2:111:Infinity":24,"b:105:4:108:Infinity:undefined:undefined:undefined:undefined":5,"s:105:4:108:Infinity":25,"s:106:6:106:Infinity":26,"s:107:6:107:Infinity":27,"s:112:2:112:Infinity":28},"fnNames":{}}}
,"/Users/sarthak/Desktop/fleet/codevetter/apps/desktop/src/lib/quick-review-state.ts": {"path":"/Users/sarthak/Desktop/fleet/codevetter/apps/desktop/src/lib/quick-review-state.ts","statementMap":{"0":{"start":{"line":2,"column":2},"end":{"line":2,"column":null}},"1":{"start":{"line":2,"column":20},"end":{"line":2,"column":null}},"2":{"start":{"line":3,"column":2},"end":{"line":3,"column":null}},"3":{"start":{"line":3,"column":39},"end":{"line":3,"column":null}},"4":{"start":{"line":5,"column":25},"end":{"line":5,"column":null}},"5":{"start":{"line":6,"column":2},"end":{"line":6,"column":null}},"6":{"start":{"line":6,"column":26},"end":{"line":6,"column":null}},"7":{"start":{"line":7,"column":2},"end":{"line":7,"column":null}},"8":{"start":{"line":11,"column":16},"end":{"line":11,"column":null}},"9":{"start":{"line":12,"column":15},"end":{"line":12,"column":null}},"10":{"start":{"line":13,"column":2},"end":{"line":15,"column":null}},"11":{"start":{"line":14,"column":4},"end":{"line":14,"column":null}},"12":{"start":{"line":16,"column":2},"end":{"line":16,"column":null}}},"fnMap":{"0":{"name":"diffRangeFromSourceLabel","decl":{"start":{"line":1,"column":16},"end":{"line":1,"column":41}},"loc":{"start":{"line":1,"column":89},"end":{"line":8,"column":null}},"line":1},"1":{"name":"repoPrefKey","decl":{"start":{"line":10,"column":16},"end":{"line":10,"column":28}},"loc":{"start":{"line":10,"column":54},"end":{"line":17,"column":null}},"line":10}},"branchMap":{"0":{"loc":{"start":{"line":2,"column":2},"end":{"line":2,"column":null}},"type":"if","locations":[{"start":{"line":2,"column":2},"end":{"line":2,"column":null}},{"start":{},"end":{}}],"line":2},"1":{"loc":{"start":{"line":3,"column":2},"end":{"line":3,"column":null}},"type":"if","locations":[{"start":{"line":3,"column":2},"end":{"line":3,"column":null}},{"start":{},"end":{}}],"line":3},"2":{"loc":{"start":{"line":6,"column":2},"end":{"line":6,"column":null}},"type":"if","locations":[{"start":{"line":6,"column":2},"end":{"line":6,"column":null}},{"start":{},"end":{}}],"line":6}},"s":{"0":2,"1":0,"2":2,"3":1,"4":1,"5":1,"6":0,"7":1,"8":1,"9":1,"10":1,"11":30,"12":1},"f":{"0":2,"1":1},"b":{"0":[0,2],"1":[1,1],"2":[0,1]},"meta":{"lastBranch":3,"lastFunction":2,"lastStatement":13,"seen":{"f:1:16:1:41":0,"b:2:2:2:Infinity:undefined:undefined:undefined:undefined":0,"s:2:2:2:Infinity":0,"s:2:20:2:Infinity":1,"b:3:2:3:Infinity:undefined:undefined:undefined:undefined":1,"s:3:2:3:Infinity":2,"s:3:39:3:Infinity":3,"s:5:25:5:Infinity":4,"b:6:2:6:Infinity:undefined:undefined:undefined:undefined":2,"s:6:2:6:Infinity":5,"s:6:26:6:Infinity":6,"s:7:2:7:Infinity":7,"f:10:16:10:28":1,"s:11:16:11:Infinity":8,"s:12:15:12:Infinity":9,"s:13:2:15:Infinity":10,"s:14:4:14:Infinity":11,"s:16:2:16:Infinity":12},"fnNames":{}}}
,"/Users/sarthak/Desktop/fleet/codevetter/apps/desktop/src/lib/review-proof.ts": {"path":"/Users/sarthak/Desktop/fleet/codevetter/apps/desktop/src/lib/review-proof.ts","statementMap":{"0":{"start":{"line":225,"column":19},"end":{"line":225,"column":null}},"1":{"start":{"line":226,"column":16},"end":{"line":226,"column":null}},"2":{"start":{"line":227,"column":18},"end":{"line":227,"column":null}},"3":{"start":{"line":228,"column":19},"end":{"line":230,"column":null}},"4":{"start":{"line":232,"column":2},"end":{"line":234,"column":null}},"5":{"start":{"line":233,"column":4},"end":{"line":233,"column":null}},"6":{"start":{"line":235,"column":2},"end":{"line":237,"column":null}},"7":{"start":{"line":236,"column":4},"end":{"line":236,"column":null}},"8":{"start":{"line":238,"column":2},"end":{"line":240,"column":null}},"9":{"start":{"line":239,"column":4},"end":{"line":239,"column":null}},"10":{"start":{"line":241,"column":2},"end":{"line":241,"column":null}},"11":{"start":{"line":248,"column":2},"end":{"line":248,"column":null}},"12":{"start":{"line":248,"column":54},"end":{"line":248,"column":null}},"13":{"start":{"line":250,"column":20},"end":{"line":254,"column":null}},"14":{"start":{"line":252,"column":24},"end":{"line":252,"column":62}},"15":{"start":{"line":253,"column":21},"end":{"line":253,"column":28}},"16":{"start":{"line":255,"column":2},"end":{"line":255,"column":null}},"17":{"start":{"line":255,"column":28},"end":{"line":255,"column":null}},"18":{"start":{"line":257,"column":18},"end":{"line":257,"column":null}},"19":{"start":{"line":258,"column":18},"end":{"line":258,"column":null}},"20":{"start":{"line":259,"column":2},"end":{"line":265,"column":null}},"21":{"start":{"line":260,"column":4},"end":{"line":264,"column":null}},"22":{"start":{"line":261,"column":6},"end":{"line":261,"column":null}},"23":{"start":{"line":262,"column":6},"end":{"line":262,"column":null}},"24":{"start":{"line":263,"column":6},"end":{"line":263,"column":null}},"25":{"start":{"line":267,"column":16},"end":{"line":267,"column":null}},"26":{"start":{"line":267,"column":45},"end":{"line":267,"column":65}},"27":{"start":{"line":268,"column":22},"end":{"line":268,"column":null}},"28":{"start":{"line":268,"column":50},"end":{"line":268,"column":57}},"29":{"start":{"line":269,"column":16},"end":{"line":276,"column":null}},"30":{"start":{"line":272,"column":8},"end":{"line":274,"column":null}},"31":{"start":{"line":278,"column":2},"end":{"line":286,"column":null}},"32":{"start":{"line":292,"column":16},"end":{"line":303,"column":null}},"33":{"start":{"line":304,"column":2},"end":{"line":304,"column":null}},"34":{"start":{"line":310,"column":2},"end":{"line":343,"column":null}},"35":{"start":{"line":311,"column":23},"end":{"line":311,"column":null}},"36":{"start":{"line":312,"column":21},"end":{"line":312,"column":null}},"37":{"start":{"line":313,"column":56},"end":{"line":328,"column":null}},"38":{"start":{"line":330,"column":4},"end":{"line":342,"column":null}},"39":{"start":{"line":349,"column":17},"end":{"line":349,"column":null}},"40":{"start":{"line":350,"column":2},"end":{"line":355,"column":null}},"41":{"start":{"line":351,"column":24},"end":{"line":351,"column":83}},"42":{"start":{"line":353,"column":18},"end":{"line":353,"column":null}},"43":{"start":{"line":354,"column":6},"end":{"line":354,"column":null}},"44":{"start":{"line":357,"column":2},"end":{"line":392,"column":null}},"45":{"start":{"line":358,"column":25},"end":{"line":358,"column":44}},"46":{"start":{"line":361,"column":22},"end":{"line":363,"column":null}},"47":{"start":{"line":362,"column":12},"end":{"line":362,"column":null}},"48":{"start":{"line":364,"column":20},"end":{"line":364,"column":null}},"49":{"start":{"line":365,"column":19},"end":{"line":365,"column":null}},"50":{"start":{"line":366,"column":26},"end":{"line":366,"column":null}},"51":{"start":{"line":366,"column":53},"end":{"line":366,"column":79}},"52":{"start":{"line":367,"column":26},"end":{"line":367,"column":null}},"53":{"start":{"line":367,"column":53},"end":{"line":367,"column":79}},"54":{"start":{"line":368,"column":59},"end":{"line":372,"column":null}},"55":{"start":{"line":373,"column":29},"end":{"line":377,"column":null}},"56":{"start":{"line":374,"column":27},"end":{"line":374,"column":null}},"57":{"start":{"line":375,"column":25},"end":{"line":375,"column":null}},"58":{"start":{"line":376,"column":8},"end":{"line":376,"column":null}},"59":{"start":{"line":379,"column":6},"end":{"line":391,"column":null}},"60":{"start":{"line":396,"column":2},"end":{"line":396,"column":null}},"61":{"start":{"line":396,"column":37},"end":{"line":396,"column":null}},"62":{"start":{"line":397,"column":2},"end":{"line":397,"column":null}},"63":{"start":{"line":403,"column":23},"end":{"line":403,"column":null}},"64":{"start":{"line":404,"column":16},"end":{"line":404,"column":null}},"65":{"start":{"line":405,"column":23},"end":{"line":405,"column":null}},"66":{"start":{"line":406,"column":17},"end":{"line":406,"column":null}},"67":{"start":{"line":407,"column":55},"end":{"line":411,"column":null}},"68":{"start":{"line":413,"column":2},"end":{"line":438,"column":null}},"69":{"start":{"line":414,"column":22},"end":{"line":414,"column":49}},"70":{"start":{"line":417,"column":23},"end":{"line":417,"column":null}},"71":{"start":{"line":418,"column":23},"end":{"line":418,"column":null}},"72":{"start":{"line":419,"column":22},"end":{"line":419,"column":null}},"73":{"start":{"line":420,"column":20},"end":{"line":420,"column":null}},"74":{"start":{"line":422,"column":6},"end":{"line":437,"column":null}},"75":{"start":{"line":444,"column":2},"end":{"line":444,"column":null}},"76":{"start":{"line":444,"column":56},"end":{"line":444,"column":null}},"77":{"start":{"line":445,"column":2},"end":{"line":445,"column":null}},"78":{"start":{"line":445,"column":32},"end":{"line":445,"column":null}},"79":{"start":{"line":446,"column":2},"end":{"line":446,"column":null}},"80":{"start":{"line":450,"column":2},"end":{"line":450,"column":null}},"81":{"start":{"line":450,"column":43},"end":{"line":450,"column":69}},"82":{"start":{"line":456,"column":2},"end":{"line":456,"column":null}},"83":{"start":{"line":456,"column":19},"end":{"line":456,"column":null}},"84":{"start":{"line":458,"column":15},"end":{"line":461,"column":null}},"85":{"start":{"line":461,"column":82},"end":{"line":461,"column":95}},"86":{"start":{"line":463,"column":2},"end":{"line":484,"column":null}},"87":{"start":{"line":464,"column":21},"end":{"line":464,"column":null}},"88":{"start":{"line":465,"column":20},"end":{"line":465,"column":null}},"89":{"start":{"line":466,"column":4},"end":{"line":483,"column":null}},"90":{"start":{"line":488,"column":2},"end":{"line":488,"column":null}},"91":{"start":{"line":488,"column":27},"end":{"line":488,"column":null}},"92":{"start":{"line":489,"column":2},"end":{"line":489,"column":null}},"93":{"start":{"line":489,"column":50},"end":{"line":489,"column":null}},"94":{"start":{"line":490,"column":2},"end":{"line":490,"column":null}},"95":{"start":{"line":494,"column":21},"end":{"line":494,"column":null}},"96":{"start":{"line":495,"column":2},"end":{"line":499,"column":null}},"97":{"start":{"line":499,"column":22},"end":{"line":499,"column":46}},"98":{"start":{"line":503,"column":21},"end":{"line":503,"column":null}},"99":{"start":{"line":504,"column":2},"end":{"line":508,"column":null}},"100":{"start":{"line":508,"column":22},"end":{"line":508,"column":46}},"101":{"start":{"line":512,"column":2},"end":{"line":512,"column":null}},"102":{"start":{"line":512,"column":12},"end":{"line":512,"column":null}},"103":{"start":{"line":513,"column":2},"end":{"line":513,"column":null}},"104":{"start":{"line":517,"column":2},"end":{"line":517,"column":null}},"105":{"start":{"line":521,"column":16},"end":{"line":526,"column":null}},"106":{"start":{"line":526,"column":22},"end":{"line":526,"column":37}},"107":{"start":{"line":527,"column":2},"end":{"line":527,"column":null}},"108":{"start":{"line":536,"column":48},"end":{"line":536,"column":null}},"109":{"start":{"line":537,"column":16},"end":{"line":537,"column":null}},"110":{"start":{"line":538,"column":24},"end":{"line":538,"column":null}},"111":{"start":{"line":539,"column":25},"end":{"line":539,"column":null}},"112":{"start":{"line":540,"column":8},"end":{"line":545,"column":null}},"113":{"start":{"line":541,"column":20},"end":{"line":544,"column":6}},"114":{"start":{"line":545,"column":22},"end":{"line":545,"column":42}},"115":{"start":{"line":546,"column":27},"end":{"line":546,"column":null}},"116":{"start":{"line":547,"column":41},"end":{"line":549,"column":null}},"117":{"start":{"line":548,"column":16},"end":{"line":548,"column":null}},"118":{"start":{"line":550,"column":8},"end":{"line":552,"column":null}},"119":{"start":{"line":554,"column":2},"end":{"line":565,"column":null}},"120":{"start":{"line":555,"column":24},"end":{"line":555,"column":79}},"121":{"start":{"line":557,"column":6},"end":{"line":564,"column":null}},"122":{"start":{"line":567,"column":2},"end":{"line":580,"column":null}},"123":{"start":{"line":568,"column":24},"end":{"line":568,"column":95}},"124":{"start":{"line":571,"column":6},"end":{"line":579,"column":null}},"125":{"start":{"line":582,"column":31},"end":{"line":584,"column":null}},"126":{"start":{"line":583,"column":16},"end":{"line":583,"column":null}},"127":{"start":{"line":586,"column":2},"end":{"line":609,"column":null}},"128":{"start":{"line":587,"column":15},"end":{"line":587,"column":null}},"129":{"start":{"line":588,"column":36},"end":{"line":590,"column":null}},"130":{"start":{"line":591,"column":57},"end":{"line":593,"column":null}},"131":{"start":{"line":594,"column":4},"end":{"line":608,"column":null}},"132":{"start":{"line":611,"column":2},"end":{"line":620,"column":null}},"133":{"start":{"line":612,"column":4},"end":{"line":619,"column":null}},"134":{"start":{"line":622,"column":2},"end":{"line":641,"column":null}},"135":{"start":{"line":623,"column":21},"end":{"line":623,"column":null}},"136":{"start":{"line":624,"column":4},"end":{"line":640,"column":null}},"137":{"start":{"line":643,"column":24},"end":{"line":643,"column":null}},"138":{"start":{"line":644,"column":2},"end":{"line":670,"column":null}},"139":{"start":{"line":645,"column":33},"end":{"line":645,"column":null}},"140":{"start":{"line":645,"column":69},"end":{"line":645,"column":98}},"141":{"start":{"line":646,"column":4},"end":{"line":669,"column":null}},"142":{"start":{"line":647,"column":21},"end":{"line":647,"column":null}},"143":{"start":{"line":648,"column":6},"end":{"line":668,"column":null}},"144":{"start":{"line":654,"column":87},"end":{"line":654,"column":96}},"145":{"start":{"line":672,"column":2},"end":{"line":700,"column":null}},"146":{"start":{"line":678,"column":19},"end":{"line":678,"column":null}},"147":{"start":{"line":679,"column":4},"end":{"line":699,"column":null}},"148":{"start":{"line":702,"column":2},"end":{"line":745,"column":null}},"149":{"start":{"line":703,"column":19},"end":{"line":703,"column":null}},"150":{"start":{"line":704,"column":4},"end":{"line":725,"column":null}},"151":{"start":{"line":705,"column":28},"end":{"line":705,"column":null}},"152":{"start":{"line":706,"column":29},"end":{"line":706,"column":null}},"153":{"start":{"line":707,"column":23},"end":{"line":707,"column":null}},"154":{"start":{"line":708,"column":6},"end":{"line":724,"column":null}},"155":{"start":{"line":726,"column":2},"end":{"line":745,"column":null}},"156":{"start":{"line":727,"column":19},"end":{"line":727,"column":null}},"157":{"start":{"line":728,"column":4},"end":{"line":744,"column":null}},"158":{"start":{"line":747,"column":2},"end":{"line":765,"column":null}},"159":{"start":{"line":753,"column":4},"end":{"line":764,"column":null}},"160":{"start":{"line":767,"column":2},"end":{"line":769,"column":null}},"161":{"start":{"line":768,"column":20},"end":{"line":768,"column":63}},"162":{"start":{"line":773,"column":15},"end":{"line":773,"column":null}},"163":{"start":{"line":774,"column":24},"end":{"line":774,"column":null}},"164":{"start":{"line":775,"column":2},"end":{"line":779,"column":null}},"165":{"start":{"line":776,"column":4},"end":{"line":776,"column":null}},"166":{"start":{"line":776,"column":65},"end":{"line":776,"column":null}},"167":{"start":{"line":777,"column":4},"end":{"line":777,"column":null}},"168":{"start":{"line":778,"column":4},"end":{"line":778,"column":null}},"169":{"start":{"line":780,"column":2},"end":{"line":780,"column":null}},"170":{"start":{"line":786,"column":16},"end":{"line":786,"column":null}},"171":{"start":{"line":787,"column":2},"end":{"line":787,"column":null}},"172":{"start":{"line":787,"column":19},"end":{"line":787,"column":null}},"173":{"start":{"line":789,"column":19},"end":{"line":789,"column":null}},"174":{"start":{"line":790,"column":17},"end":{"line":790,"column":null}},"175":{"start":{"line":791,"column":14},"end":{"line":791,"column":null}},"176":{"start":{"line":791,"column":56},"end":{"line":791,"column":59}},"177":{"start":{"line":792,"column":19},"end":{"line":792,"column":null}},"178":{"start":{"line":793,"column":28},"end":{"line":794,"column":null}},"179":{"start":{"line":794,"column":4},"end":{"line":794,"column":null}},"180":{"start":{"line":794,"column":24},"end":{"line":794,"column":71}},"181":{"start":{"line":796,"column":2},"end":{"line":816,"column":null}},"182":{"start":{"line":798,"column":6},"end":{"line":798,"column":null}},"183":{"start":{"line":800,"column":25},"end":{"line":800,"column":null}},"184":{"start":{"line":801,"column":6},"end":{"line":801,"column":null}},"185":{"start":{"line":801,"column":33},"end":{"line":801,"column":null}},"186":{"start":{"line":802,"column":24},"end":{"line":802,"column":null}},"187":{"start":{"line":803,"column":6},"end":{"line":803,"column":null}},"188":{"start":{"line":806,"column":6},"end":{"line":806,"column":null}},"189":{"start":{"line":808,"column":6},"end":{"line":808,"column":null}},"190":{"start":{"line":810,"column":20},"end":{"line":810,"column":null}},"191":{"start":{"line":811,"column":6},"end":{"line":811,"column":null}},"192":{"start":{"line":811,"column":28},"end":{"line":811,"column":null}},"193":{"start":{"line":812,"column":6},"end":{"line":812,"column":null}},"194":{"start":{"line":815,"column":6},"end":{"line":815,"column":null}},"195":{"start":{"line":820,"column":15},"end":{"line":820,"column":null}},"196":{"start":{"line":821,"column":2},"end":{"line":821,"column":null}},"197":{"start":{"line":825,"column":2},"end":{"line":831,"column":null}},"198":{"start":{"line":835,"column":2},"end":{"line":835,"column":null}},"199":{"start":{"line":842,"column":2},"end":{"line":842,"column":null}},"200":{"start":{"line":842,"column":44},"end":{"line":842,"column":null}},"201":{"start":{"line":843,"column":18},"end":{"line":843,"column":null}},"202":{"start":{"line":844,"column":2},"end":{"line":844,"column":null}},"203":{"start":{"line":844,"column":33},"end":{"line":844,"column":null}},"204":{"start":{"line":846,"column":17},"end":{"line":846,"column":null}},"205":{"start":{"line":846,"column":42},"end":{"line":846,"column":79}},"206":{"start":{"line":847,"column":17},"end":{"line":847,"column":null}},"207":{"start":{"line":847,"column":38},"end":{"line":847,"column":68}},"208":{"start":{"line":848,"column":2},"end":{"line":848,"column":null}},"209":{"start":{"line":848,"column":15},"end":{"line":848,"column":null}},"210":{"start":{"line":850,"column":18},"end":{"line":850,"column":null}},"211":{"start":{"line":851,"column":16},"end":{"line":853,"column":null}},"212":{"start":{"line":852,"column":13},"end":{"line":852,"column":null}},"213":{"start":{"line":854,"column":20},"end":{"line":854,"column":null}},"214":{"start":{"line":856,"column":2},"end":{"line":863,"column":null}},"215":{"start":{"line":857,"column":4},"end":{"line":862,"column":null}},"216":{"start":{"line":865,"column":24},"end":{"line":865,"column":null}},"217":{"start":{"line":867,"column":4},"end":{"line":869,"column":null}},"218":{"start":{"line":871,"column":2},"end":{"line":879,"column":null}},"219":{"start":{"line":872,"column":4},"end":{"line":878,"column":null}},"220":{"start":{"line":880,"column":2},"end":{"line":888,"column":null}},"221":{"start":{"line":881,"column":4},"end":{"line":887,"column":null}},"222":{"start":{"line":889,"column":2},"end":{"line":897,"column":null}},"223":{"start":{"line":890,"column":4},"end":{"line":896,"column":null}},"224":{"start":{"line":899,"column":2},"end":{"line":905,"column":null}},"225":{"start":{"line":911,"column":19},"end":{"line":911,"column":null}},"226":{"start":{"line":912,"column":19},"end":{"line":912,"column":null}},"227":{"start":{"line":913,"column":23},"end":{"line":913,"column":null}},"228":{"start":{"line":915,"column":4},"end":{"line":917,"column":null}},"229":{"start":{"line":918,"column":22},"end":{"line":918,"column":null}},"230":{"start":{"line":919,"column":27},"end":{"line":919,"column":null}},"231":{"start":{"line":920,"column":23},"end":{"line":920,"column":null}},"232":{"start":{"line":921,"column":25},"end":{"line":921,"column":null}},"233":{"start":{"line":922,"column":34},"end":{"line":922,"column":null}},"234":{"start":{"line":923,"column":26},"end":{"line":926,"column":null}},"235":{"start":{"line":927,"column":28},"end":{"line":927,"column":null}},"236":{"start":{"line":928,"column":30},"end":{"line":928,"column":null}},"237":{"start":{"line":929,"column":28},"end":{"line":934,"column":null}},"238":{"start":{"line":935,"column":29},"end":{"line":935,"column":null}},"239":{"start":{"line":935,"column":63},"end":{"line":935,"column":89}},"240":{"start":{"line":936,"column":41},"end":{"line":938,"column":null}},"241":{"start":{"line":937,"column":16},"end":{"line":937,"column":null}},"242":{"start":{"line":939,"column":8},"end":{"line":941,"column":null}},"243":{"start":{"line":942,"column":28},"end":{"line":949,"column":null}},"244":{"start":{"line":950,"column":31},"end":{"line":950,"column":null}},"245":{"start":{"line":951,"column":27},"end":{"line":951,"column":null}},"246":{"start":{"line":952,"column":27},"end":{"line":952,"column":null}},"247":{"start":{"line":953,"column":26},"end":{"line":953,"column":null}},"248":{"start":{"line":954,"column":26},"end":{"line":954,"column":null}},"249":{"start":{"line":956,"column":4},"end":{"line":969,"column":null}},"250":{"start":{"line":970,"column":56},"end":{"line":976,"column":null}},"251":{"start":{"line":976,"column":43},"end":{"line":976,"column":54}},"252":{"start":{"line":977,"column":47},"end":{"line":983,"column":null}},"253":{"start":{"line":984,"column":19},"end":{"line":988,"column":null}},"254":{"start":{"line":989,"column":23},"end":{"line":989,"column":null}},"255":{"start":{"line":989,"column":55},"end":{"line":989,"column":66}},"256":{"start":{"line":991,"column":4},"end":{"line":997,"column":null}},"257":{"start":{"line":998,"column":62},"end":{"line":1004,"column":null}},"258":{"start":{"line":1006,"column":4},"end":{"line":1006,"column":null}},"259":{"start":{"line":1007,"column":25},"end":{"line":1011,"column":null}},"260":{"start":{"line":1012,"column":28},"end":{"line":1012,"column":null}},"261":{"start":{"line":1012,"column":65},"end":{"line":1012,"column":91}},"262":{"start":{"line":1013,"column":28},"end":{"line":1013,"column":null}},"263":{"start":{"line":1013,"column":65},"end":{"line":1013,"column":91}},"264":{"start":{"line":1014,"column":55},"end":{"line":1020,"column":null}},"265":{"start":{"line":1021,"column":27},"end":{"line":1025,"column":null}},"266":{"start":{"line":1026,"column":25},"end":{"line":1026,"column":null}},"267":{"start":{"line":1026,"column":60},"end":{"line":1026,"column":71}},"268":{"start":{"line":1028,"column":2},"end":{"line":1090,"column":null}},"269":{"start":{"line":1097,"column":2},"end":{"line":1100,"column":null}},"270":{"start":{"line":1105,"column":21},"end":{"line":1109,"column":null}},"271":{"start":{"line":1107,"column":19},"end":{"line":1107,"column":30}},"272":{"start":{"line":1110,"column":14},"end":{"line":1110,"column":null}},"273":{"start":{"line":1111,"column":2},"end":{"line":1111,"column":null}},"274":{"start":{"line":1117,"column":2},"end":{"line":1117,"column":null}},"275":{"start":{"line":1117,"column":16},"end":{"line":1117,"column":null}},"276":{"start":{"line":1122,"column":23},"end":{"line":1122,"column":null}},"277":{"start":{"line":1123,"column":22},"end":{"line":1123,"column":null}},"278":{"start":{"line":1124,"column":21},"end":{"line":1124,"column":null}},"279":{"start":{"line":1124,"column":60},"end":{"line":1124,"column":85}},"280":{"start":{"line":1125,"column":23},"end":{"line":1125,"column":null}},"281":{"start":{"line":1125,"column":54},"end":{"line":1125,"column":81}},"282":{"start":{"line":1126,"column":24},"end":{"line":1126,"column":null}},"283":{"start":{"line":1126,"column":68},"end":{"line":1126,"column":94}},"284":{"start":{"line":1127,"column":20},"end":{"line":1129,"column":null}},"285":{"start":{"line":1127,"column":54},"end":{"line":1128,"column":null}},"286":{"start":{"line":1128,"column":49},"end":{"line":1128,"column":75}},"287":{"start":{"line":1130,"column":22},"end":{"line":1130,"column":null}},"288":{"start":{"line":1130,"column":50},"end":{"line":1130,"column":91}},"289":{"start":{"line":1132,"column":2},"end":{"line":1208,"column":null}},"290":{"start":{"line":1134,"column":22},"end":{"line":1134,"column":null}},"291":{"start":{"line":1135,"column":22},"end":{"line":1137,"column":null}},"292":{"start":{"line":1136,"column":8},"end":{"line":1136,"column":null}},"293":{"start":{"line":1138,"column":24},"end":{"line":1140,"column":null}},"294":{"start":{"line":1139,"column":8},"end":{"line":1139,"column":null}},"295":{"start":{"line":1141,"column":24},"end":{"line":1143,"column":null}},"296":{"start":{"line":1142,"column":8},"end":{"line":1142,"column":null}},"297":{"start":{"line":1144,"column":21},"end":{"line":1146,"column":null}},"298":{"start":{"line":1145,"column":8},"end":{"line":1145,"column":null}},"299":{"start":{"line":1145,"column":45},"end":{"line":1145,"column":82}},"300":{"start":{"line":1147,"column":23},"end":{"line":1150,"column":null}},"301":{"start":{"line":1148,"column":20},"end":{"line":1148,"column":null}},"302":{"start":{"line":1149,"column":8},"end":{"line":1149,"column":null}},"303":{"start":{"line":1153,"column":8},"end":{"line":1153,"column":null}},"304":{"start":{"line":1154,"column":6},"end":{"line":1154,"column":null}},"305":{"start":{"line":1154,"column":29},"end":{"line":1154,"column":null}},"306":{"start":{"line":1156,"column":19},"end":{"line":1164,"column":null}},"307":{"start":{"line":1165,"column":25},"end":{"line":1171,"column":null}},"308":{"start":{"line":1168,"column":62},"end":{"line":1168,"column":80}},"309":{"start":{"line":1168,"column":135},"end":{"line":1168,"column":153}},"310":{"start":{"line":1172,"column":24},"end":{"line":1184,"column":null}},"311":{"start":{"line":1174,"column":10},"end":{"line":1174,"column":null}},"312":{"start":{"line":1177,"column":10},"end":{"line":1177,"column":null}},"313":{"start":{"line":1179,"column":42},"end":{"line":1182,"column":null}},"314":{"start":{"line":1181,"column":12},"end":{"line":1181,"column":null}},"315":{"start":{"line":1186,"column":6},"end":{"line":1198,"column":null}},"316":{"start":{"line":1193,"column":53},"end":{"line":1193,"column":71}},"317":{"start":{"line":1200,"column":58},"end":{"line":1200,"column":71}},"318":{"start":{"line":1203,"column":8},"end":{"line":1203,"column":null}},"319":{"start":{"line":1205,"column":8},"end":{"line":1205,"column":null}},"320":{"start":{"line":1206,"column":6},"end":{"line":1206,"column":null}},"321":{"start":{"line":1216,"column":21},"end":{"line":1216,"column":null}},"322":{"start":{"line":1217,"column":2},"end":{"line":1217,"column":null}},"323":{"start":{"line":1217,"column":31},"end":{"line":1217,"column":null}},"324":{"start":{"line":1218,"column":24},"end":{"line":1221,"column":null}},"325":{"start":{"line":1222,"column":2},"end":{"line":1222,"column":null}},"326":{"start":{"line":1225,"column":45},"end":{"line":1225,"column":null}},"327":{"start":{"line":1228,"column":2},"end":{"line":1228,"column":null}},"328":{"start":{"line":1235,"column":2},"end":{"line":1237,"column":null}},"329":{"start":{"line":1236,"column":4},"end":{"line":1236,"column":null}},"330":{"start":{"line":1238,"column":2},"end":{"line":1238,"column":null}},"331":{"start":{"line":1245,"column":36},"end":{"line":1245,"column":null}},"332":{"start":{"line":1246,"column":14},"end":{"line":1248,"column":null}},"333":{"start":{"line":1250,"column":2},"end":{"line":1255,"column":null}},"334":{"start":{"line":1257,"column":19},"end":{"line":1257,"column":null}},"335":{"start":{"line":1258,"column":2},"end":{"line":1268,"column":null}},"336":{"start":{"line":1259,"column":4},"end":{"line":1262,"column":null}},"337":{"start":{"line":1263,"column":2},"end":{"line":1268,"column":null}},"338":{"start":{"line":1264,"column":4},"end":{"line":1267,"column":null}},"339":{"start":{"line":1270,"column":2},"end":{"line":1285,"column":null}},"340":{"start":{"line":1271,"column":4},"end":{"line":1274,"column":null}},"341":{"start":{"line":1275,"column":2},"end":{"line":1285,"column":null}},"342":{"start":{"line":1276,"column":4},"end":{"line":1279,"column":null}},"343":{"start":{"line":1280,"column":2},"end":{"line":1285,"column":null}},"344":{"start":{"line":1281,"column":4},"end":{"line":1284,"column":null}},"345":{"start":{"line":1287,"column":2},"end":{"line":1292,"column":null}},"346":{"start":{"line":1288,"column":4},"end":{"line":1291,"column":null}},"347":{"start":{"line":1294,"column":2},"end":{"line":1297,"column":null}},"348":{"start":{"line":1299,"column":2},"end":{"line":1299,"column":null}},"349":{"start":{"line":1304,"column":4},"end":{"line":1307,"column":null}},"350":{"start":{"line":1308,"column":21},"end":{"line":1313,"column":null}},"351":{"start":{"line":1309,"column":4},"end":{"line":1309,"column":null}},"352":{"start":{"line":1309,"column":28},"end":{"line":1309,"column":null}},"353":{"start":{"line":1310,"column":4},"end":{"line":1310,"column":null}},"354":{"start":{"line":1310,"column":33},"end":{"line":1310,"column":null}},"355":{"start":{"line":1311,"column":4},"end":{"line":1311,"column":null}},"356":{"start":{"line":1311,"column":37},"end":{"line":1311,"column":null}},"357":{"start":{"line":1312,"column":4},"end":{"line":1312,"column":null}},"358":{"start":{"line":1314,"column":20},"end":{"line":1317,"column":null}},"359":{"start":{"line":1315,"column":4},"end":{"line":1317,"column":null}},"360":{"start":{"line":1319,"column":26},"end":{"line":1319,"column":null}},"361":{"start":{"line":1320,"column":2},"end":{"line":1320,"column":null}},"362":{"start":{"line":1321,"column":2},"end":{"line":1321,"column":null}},"363":{"start":{"line":1322,"column":2},"end":{"line":1324,"column":null}},"364":{"start":{"line":1325,"column":2},"end":{"line":1327,"column":null}},"365":{"start":{"line":1329,"column":2},"end":{"line":1340,"column":null}},"366":{"start":{"line":1330,"column":4},"end":{"line":1330,"column":null}},"367":{"start":{"line":1331,"column":4},"end":{"line":1331,"column":null}},"368":{"start":{"line":1332,"column":4},"end":{"line":1332,"column":null}},"369":{"start":{"line":1333,"column":4},"end":{"line":1333,"column":null}},"370":{"start":{"line":1334,"column":4},"end":{"line":1334,"column":null}},"371":{"start":{"line":1335,"column":4},"end":{"line":1339,"column":null}},"372":{"start":{"line":1337,"column":59},"end":{"line":1337,"column":69}},"373":{"start":{"line":1342,"column":2},"end":{"line":1375,"column":null}},"374":{"start":{"line":1343,"column":4},"end":{"line":1343,"column":null}},"375":{"start":{"line":1344,"column":4},"end":{"line":1374,"column":null}},"376":{"start":{"line":1345,"column":23},"end":{"line":1352,"column":null}},"377":{"start":{"line":1353,"column":6},"end":{"line":1355,"column":null}},"378":{"start":{"line":1356,"column":6},"end":{"line":1373,"column":null}},"379":{"start":{"line":1357,"column":20},"end":{"line":1366,"column":null}},"380":{"start":{"line":1367,"column":8},"end":{"line":1369,"column":null}},"381":{"start":{"line":1370,"column":8},"end":{"line":1372,"column":null}},"382":{"start":{"line":1371,"column":10},"end":{"line":1371,"column":null}},"383":{"start":{"line":1377,"column":2},"end":{"line":1391,"column":null}},"384":{"start":{"line":1378,"column":23},"end":{"line":1378,"column":null}},"385":{"start":{"line":1379,"column":4},"end":{"line":1379,"column":null}},"386":{"start":{"line":1380,"column":4},"end":{"line":1380,"column":null}},"387":{"start":{"line":1381,"column":4},"end":{"line":1383,"column":null}},"388":{"start":{"line":1384,"column":4},"end":{"line":1390,"column":null}},"389":{"start":{"line":1385,"column":6},"end":{"line":1387,"column":null}},"390":{"start":{"line":1389,"column":6},"end":{"line":1389,"column":null}},"391":{"start":{"line":1393,"column":2},"end":{"line":1416,"column":null}},"392":{"start":{"line":1394,"column":4},"end":{"line":1394,"column":null}},"393":{"start":{"line":1395,"column":4},"end":{"line":1415,"column":null}},"394":{"start":{"line":1396,"column":21},"end":{"line":1396,"column":null}},"395":{"start":{"line":1397,"column":6},"end":{"line":1399,"column":null}},"396":{"start":{"line":1400,"column":6},"end":{"line":1402,"column":null}},"397":{"start":{"line":1401,"column":8},"end":{"line":1401,"column":null}},"398":{"start":{"line":1403,"column":6},"end":{"line":1408,"column":null}},"399":{"start":{"line":1404,"column":21},"end":{"line":1406,"column":null}},"400":{"start":{"line":1406,"column":24},"end":{"line":1406,"column":89}},"401":{"start":{"line":1407,"column":8},"end":{"line":1407,"column":null}},"402":{"start":{"line":1409,"column":6},"end":{"line":1411,"column":null}},"403":{"start":{"line":1410,"column":8},"end":{"line":1410,"column":null}},"404":{"start":{"line":1412,"column":6},"end":{"line":1414,"column":null}},"405":{"start":{"line":1413,"column":8},"end":{"line":1413,"column":null}},"406":{"start":{"line":1418,"column":2},"end":{"line":1444,"column":null}},"407":{"start":{"line":1419,"column":4},"end":{"line":1419,"column":null}},"408":{"start":{"line":1420,"column":4},"end":{"line":1443,"column":null}},"409":{"start":{"line":1421,"column":12},"end":{"line":1423,"column":null}},"410":{"start":{"line":1422,"column":19},"end":{"line":1422,"column":null}},"411":{"start":{"line":1424,"column":6},"end":{"line":1426,"column":null}},"412":{"start":{"line":1427,"column":6},"end":{"line":1427,"column":null}},"413":{"start":{"line":1428,"column":6},"end":{"line":1428,"column":null}},"414":{"start":{"line":1429,"column":6},"end":{"line":1431,"column":null}},"415":{"start":{"line":1430,"column":8},"end":{"line":1430,"column":null}},"416":{"start":{"line":1432,"column":6},"end":{"line":1434,"column":null}},"417":{"start":{"line":1433,"column":8},"end":{"line":1433,"column":null}},"418":{"start":{"line":1435,"column":6},"end":{"line":1442,"column":null}},"419":{"start":{"line":1436,"column":8},"end":{"line":1438,"column":null}},"420":{"start":{"line":1439,"column":8},"end":{"line":1441,"column":null}},"421":{"start":{"line":1440,"column":10},"end":{"line":1440,"column":null}},"422":{"start":{"line":1446,"column":2},"end":{"line":1461,"column":null}},"423":{"start":{"line":1447,"column":4},"end":{"line":1447,"column":null}},"424":{"start":{"line":1448,"column":4},"end":{"line":1450,"column":null}},"425":{"start":{"line":1451,"column":4},"end":{"line":1455,"column":null}},"426":{"start":{"line":1452,"column":19},"end":{"line":1452,"column":null}},"427":{"start":{"line":1453,"column":21},"end":{"line":1453,"column":null}},"428":{"start":{"line":1454,"column":6},"end":{"line":1454,"column":null}},"429":{"start":{"line":1456,"column":4},"end":{"line":1460,"column":null}},"430":{"start":{"line":1457,"column":6},"end":{"line":1459,"column":null}},"431":{"start":{"line":1463,"column":2},"end":{"line":1478,"column":null}},"432":{"start":{"line":1464,"column":4},"end":{"line":1464,"column":null}},"433":{"start":{"line":1465,"column":4},"end":{"line":1467,"column":null}},"434":{"start":{"line":1468,"column":4},"end":{"line":1472,"column":null}},"435":{"start":{"line":1469,"column":19},"end":{"line":1469,"column":null}},"436":{"start":{"line":1470,"column":21},"end":{"line":1470,"column":null}},"437":{"start":{"line":1471,"column":6},"end":{"line":1471,"column":null}},"438":{"start":{"line":1473,"column":4},"end":{"line":1477,"column":null}},"439":{"start":{"line":1474,"column":6},"end":{"line":1476,"column":null}},"440":{"start":{"line":1480,"column":2},"end":{"line":1488,"column":null}},"441":{"start":{"line":1481,"column":4},"end":{"line":1481,"column":null}},"442":{"start":{"line":1482,"column":4},"end":{"line":1487,"column":null}},"443":{"start":{"line":1483,"column":6},"end":{"line":1483,"column":null}},"444":{"start":{"line":1484,"column":6},"end":{"line":1486,"column":null}},"445":{"start":{"line":1485,"column":8},"end":{"line":1485,"column":null}},"446":{"start":{"line":1490,"column":2},"end":{"line":1490,"column":null}},"447":{"start":{"line":1491,"column":2},"end":{"line":1525,"column":null}},"448":{"start":{"line":1492,"column":4},"end":{"line":1492,"column":null}},"449":{"start":{"line":1494,"column":4},"end":{"line":1524,"column":null}},"450":{"start":{"line":1495,"column":17},"end":{"line":1495,"column":null}},"451":{"start":{"line":1496,"column":23},"end":{"line":1498,"column":null}},"452":{"start":{"line":1499,"column":6},"end":{"line":1501,"column":null}},"453":{"start":{"line":1502,"column":29},"end":{"line":1502,"column":null}},"454":{"start":{"line":1503,"column":6},"end":{"line":1519,"column":null}},"455":{"start":{"line":1505,"column":10},"end":{"line":1507,"column":null}},"456":{"start":{"line":1508,"column":23},"end":{"line":1514,"column":null}},"457":{"start":{"line":1515,"column":8},"end":{"line":1515,"column":null}},"458":{"start":{"line":1516,"column":8},"end":{"line":1518,"column":null}},"459":{"start":{"line":1517,"column":10},"end":{"line":1517,"column":null}},"460":{"start":{"line":1520,"column":20},"end":{"line":1520,"column":null}},"461":{"start":{"line":1521,"column":6},"end":{"line":1523,"column":null}},"462":{"start":{"line":1522,"column":8},"end":{"line":1522,"column":null}},"463":{"start":{"line":1522,"column":44},"end":{"line":1522,"column":69}},"464":{"start":{"line":1527,"column":32},"end":{"line":1527,"column":null}},"465":{"start":{"line":1528,"column":2},"end":{"line":1547,"column":null}},"466":{"start":{"line":1529,"column":15},"end":{"line":1529,"column":null}},"467":{"start":{"line":1530,"column":16},"end":{"line":1530,"column":null}},"468":{"start":{"line":1531,"column":4},"end":{"line":1546,"column":null}},"469":{"start":{"line":1532,"column":6},"end":{"line":1532,"column":null}},"470":{"start":{"line":1533,"column":4},"end":{"line":1546,"column":null}},"471":{"start":{"line":1534,"column":23},"end":{"line":1536,"column":null}},"472":{"start":{"line":1537,"column":6},"end":{"line":1539,"column":null}},"473":{"start":{"line":1540,"column":4},"end":{"line":1546,"column":null}},"474":{"start":{"line":1541,"column":6},"end":{"line":1545,"column":null}},"475":{"start":{"line":1542,"column":8},"end":{"line":1544,"column":null}},"476":{"start":{"line":1543,"column":10},"end":{"line":1543,"column":null}},"477":{"start":{"line":1548,"column":2},"end":{"line":1551,"column":null}},"478":{"start":{"line":1549,"column":4},"end":{"line":1549,"column":null}},"479":{"start":{"line":1550,"column":4},"end":{"line":1550,"column":null}},"480":{"start":{"line":1553,"column":2},"end":{"line":1553,"column":null}},"481":{"start":{"line":1557,"column":18},"end":{"line":1557,"column":null}},"482":{"start":{"line":1558,"column":19},"end":{"line":1558,"column":null}},"483":{"start":{"line":1559,"column":14},"end":{"line":1561,"column":null}},"484":{"start":{"line":1562,"column":26},"end":{"line":1562,"column":null}},"485":{"start":{"line":1564,"column":2},"end":{"line":1564,"column":null}},"486":{"start":{"line":1565,"column":2},"end":{"line":1565,"column":null}},"487":{"start":{"line":1566,"column":2},"end":{"line":1566,"column":null}},"488":{"start":{"line":1567,"column":2},"end":{"line":1567,"column":null}},"489":{"start":{"line":1568,"column":2},"end":{"line":1568,"column":null}},"490":{"start":{"line":1569,"column":2},"end":{"line":1569,"column":null}},"491":{"start":{"line":1570,"column":2},"end":{"line":1570,"column":null}},"492":{"start":{"line":1571,"column":2},"end":{"line":1571,"column":null}},"493":{"start":{"line":1572,"column":2},"end":{"line":1574,"column":null}},"494":{"start":{"line":1573,"column":4},"end":{"line":1573,"column":null}},"495":{"start":{"line":1576,"column":2},"end":{"line":1576,"column":null}},"496":{"start":{"line":1577,"column":2},"end":{"line":1577,"column":null}},"497":{"start":{"line":1578,"column":2},"end":{"line":1578,"column":null}},"498":{"start":{"line":1579,"column":2},"end":{"line":1579,"column":null}},"499":{"start":{"line":1580,"column":2},"end":{"line":1583,"column":null}},"500":{"start":{"line":1581,"column":4},"end":{"line":1581,"column":null}},"501":{"start":{"line":1582,"column":4},"end":{"line":1582,"column":null}},"502":{"start":{"line":1585,"column":2},"end":{"line":1593,"column":null}},"503":{"start":{"line":1586,"column":4},"end":{"line":1586,"column":null}},"504":{"start":{"line":1587,"column":4},"end":{"line":1592,"column":null}},"505":{"start":{"line":1590,"column":21},"end":{"line":1590,"column":32}},"506":{"start":{"line":1592,"column":25},"end":{"line":1592,"column":48}},"507":{"start":{"line":1595,"column":2},"end":{"line":1613,"column":null}},"508":{"start":{"line":1596,"column":20},"end":{"line":1596,"column":null}},"509":{"start":{"line":1597,"column":19},"end":{"line":1603,"column":null}},"510":{"start":{"line":1604,"column":19},"end":{"line":1604,"column":null}},"511":{"start":{"line":1605,"column":4},"end":{"line":1605,"column":null}},"512":{"start":{"line":1606,"column":4},"end":{"line":1606,"column":null}},"513":{"start":{"line":1607,"column":4},"end":{"line":1609,"column":null}},"514":{"start":{"line":1608,"column":6},"end":{"line":1608,"column":null}},"515":{"start":{"line":1610,"column":4},"end":{"line":1612,"column":null}},"516":{"start":{"line":1611,"column":6},"end":{"line":1611,"column":null}},"517":{"start":{"line":1615,"column":2},"end":{"line":1629,"column":null}},"518":{"start":{"line":1616,"column":18},"end":{"line":1616,"column":null}},"519":{"start":{"line":1617,"column":4},"end":{"line":1617,"column":null}},"520":{"start":{"line":1618,"column":4},"end":{"line":1620,"column":null}},"521":{"start":{"line":1621,"column":4},"end":{"line":1625,"column":null}},"522":{"start":{"line":1622,"column":19},"end":{"line":1622,"column":null}},"523":{"start":{"line":1623,"column":21},"end":{"line":1623,"column":null}},"524":{"start":{"line":1624,"column":6},"end":{"line":1624,"column":null}},"525":{"start":{"line":1626,"column":4},"end":{"line":1628,"column":null}},"526":{"start":{"line":1627,"column":6},"end":{"line":1627,"column":null}},"527":{"start":{"line":1631,"column":22},"end":{"line":1633,"column":null}},"528":{"start":{"line":1632,"column":22},"end":{"line":1632,"column":53}},"529":{"start":{"line":1633,"column":19},"end":{"line":1633,"column":40}},"530":{"start":{"line":1634,"column":2},"end":{"line":1638,"column":null}},"531":{"start":{"line":1635,"column":4},"end":{"line":1635,"column":null}},"532":{"start":{"line":1636,"column":2},"end":{"line":1638,"column":null}},"533":{"start":{"line":1637,"column":4},"end":{"line":1637,"column":null}},"534":{"start":{"line":1639,"column":2},"end":{"line":1641,"column":null}},"535":{"start":{"line":1640,"column":4},"end":{"line":1640,"column":null}},"536":{"start":{"line":1643,"column":2},"end":{"line":1643,"column":null}},"537":{"start":{"line":1644,"column":2},"end":{"line":1646,"column":null}},"538":{"start":{"line":1648,"column":2},"end":{"line":1648,"column":null}}},"fnMap":{"0":{"name":"graphNodeMatchesFinding","decl":{"start":{"line":221,"column":9},"end":{"line":221,"column":null}},"loc":{"start":{"line":224,"column":11},"end":{"line":242,"column":null}},"line":224},"1":{"name":"buildFocusedReviewMemoryGraph","decl":{"start":{"line":244,"column":16},"end":{"line":244,"column":null}},"loc":{"start":{"line":247,"column":28},"end":{"line":287,"column":null}},"line":247},"2":{"name":"(anonymous_2)","decl":{"start":{"line":252,"column":14},"end":{"line":252,"column":15}},"loc":{"start":{"line":252,"column":24},"end":{"line":252,"column":62}},"line":252},"3":{"name":"(anonymous_3)","decl":{"start":{"line":253,"column":11},"end":{"line":253,"column":12}},"loc":{"start":{"line":253,"column":21},"end":{"line":253,"column":28}},"line":253},"4":{"name":"(anonymous_4)","decl":{"start":{"line":267,"column":35},"end":{"line":267,"column":36}},"loc":{"start":{"line":267,"column":45},"end":{"line":267,"column":65}},"line":267},"5":{"name":"(anonymous_5)","decl":{"start":{"line":268,"column":40},"end":{"line":268,"column":41}},"loc":{"start":{"line":268,"column":50},"end":{"line":268,"column":57}},"line":268},"6":{"name":"(anonymous_6)","decl":{"start":{"line":271,"column":6},"end":{"line":271,"column":7}},"loc":{"start":{"line":272,"column":8},"end":{"line":274,"column":null}},"line":272},"7":{"name":"formatHistoryCommandEvidence","decl":{"start":{"line":289,"column":16},"end":{"line":289,"column":null}},"loc":{"start":{"line":291,"column":10},"end":{"line":305,"column":null}},"line":291},"8":{"name":"buildCommandTimelineAnchors","decl":{"start":{"line":307,"column":9},"end":{"line":307,"column":null}},"loc":{"start":{"line":309,"column":32},"end":{"line":344,"column":null}},"line":309},"9":{"name":"(anonymous_9)","decl":{"start":{"line":310,"column":41},"end":{"line":310,"column":42}},"loc":{"start":{"line":310,"column":58},"end":{"line":343,"column":3}},"line":310},"10":{"name":"buildTranscriptReplayTimelineAnchors","decl":{"start":{"line":346,"column":9},"end":{"line":346,"column":null}},"loc":{"start":{"line":348,"column":32},"end":{"line":393,"column":null}},"line":348},"
[...]
e":"binary-expr","locations":[{"start":{"line":26,"column":8},"end":{"line":26,"column":25}},{"start":{"line":26,"column":25},"end":{"line":26,"column":null}}],"line":26},"2":{"loc":{"start":{"line":27,"column":8},"end":{"line":27,"column":null}},"type":"cond-expr","locations":[{"start":{"line":27,"column":30},"end":{"line":27,"column":54}},{"start":{"line":27,"column":54},"end":{"line":27,"column":null}}],"line":27},"3":{"loc":{"start":{"line":28,"column":33},"end":{"line":28,"column":75}},"type":"binary-expr","locations":[{"start":{"line":28,"column":33},"end":{"line":28,"column":48}},{"start":{"line":28,"column":48},"end":{"line":28,"column":75}}],"line":28},"4":{"loc":{"start":{"line":29,"column":19},"end":{"line":29,"column":null}},"type":"binary-expr","locations":[{"start":{"line":29,"column":19},"end":{"line":29,"column":43}},{"start":{"line":29,"column":43},"end":{"line":29,"column":null}}],"line":29},"5":{"loc":{"start":{"line":35,"column":15},"end":{"line":35,"column":41}},"type":"cond-expr","locations":[{"start":{"line":35,"column":26},"end":{"line":35,"column":35}},{"start":{"line":35,"column":35},"end":{"line":35,"column":41}}],"line":35},"6":{"loc":{"start":{"line":39,"column":2},"end":{"line":41,"column":null}},"type":"if","locations":[{"start":{"line":39,"column":2},"end":{"line":41,"column":null}},{"start":{},"end":{}}],"line":39},"7":{"loc":{"start":{"line":42,"column":2},"end":{"line":44,"column":null}},"type":"if","locations":[{"start":{"line":42,"column":2},"end":{"line":44,"column":null}},{"start":{},"end":{}}],"line":42},"8":{"loc":{"start":{"line":45,"column":2},"end":{"line":47,"column":null}},"type":"if","locations":[{"start":{"line":45,"column":2},"end":{"line":47,"column":null}},{"start":{},"end":{}}],"line":45}},"s":{"0":13,"1":13,"2":16,"3":13,"4":13,"5":13,"6":12,"7":12,"8":13,"9":10,"10":12,"11":13,"12":1,"13":13,"14":3},"f":{"0":13,"1":16,"2":12,"3":12,"4":3},"b":{"0":[1,12],"1":[13,0],"2":[10,3],"3":[16,13],"4":[13,3],"5":[1,12],"6":[12,1],"7":[10,3],"8":[1,12]},"meta":{"lastBranch":9,"lastFunction":5,"lastStatement":15,"seen":{"f:21:16:21:Infinity":0,"s:24:37:24:Infinity":0,"b:24:48:24:67:24:67:24:Infinity":0,"s:25:20:28:Infinity":1,"b:26:8:26:25:26:25:26:Infinity":1,"b:27:30:27:54:27:54:27:Infinity":2,"f:28:11:28:12":1,"s:28:33:28:75":2,"b:28:33:28:48:28:48:28:75":3,"s:29:19:29:Infinity":3,"b:29:19:29:43:29:43:29:Infinity":4,"s:31:20:38:Infinity":4,"b:35:26:35:35:35:35:35:41":5,"b:39:2:41:Infinity:undefined:undefined:undefined:undefined":6,"s:39:2:41:Infinity":5,"s:40:4:40:Infinity":6,"f:40:74:40:75":2,"s:40:81:40:91":7,"b:42:2:44:Infinity:undefined:undefined:undefined:undefined":7,"s:42:2:44:Infinity":8,"s:43:4:43:Infinity":9,"f:43:54:43:55":3,"s:43:64:43:77":10,"b:45:2:47:Infinity:undefined:undefined:undefined:undefined":8,"s:45:2:47:Infinity":11,"s:46:4:46:Infinity":12,"s:49:2:55:Infinity":13,"f:59:16:59:Infinity":4,"s:62:2:70:Infinity":14},"fnNames":{}}}
,"/Users/sarthak/Desktop/fleet/codevetter/apps/desktop/src/lib/synthetic-qa/fixture-runner.ts": {"path":"/Users/sarthak/Desktop/fleet/codevetter/apps/desktop/src/lib/synthetic-qa/fixture-runner.ts","statementMap":{"0":{"start":{"line":13,"column":2},"end":{"line":48,"column":null}},"1":{"start":{"line":15,"column":19},"end":{"line":15,"column":null}},"2":{"start":{"line":16,"column":6},"end":{"line":23,"column":null}},"3":{"start":{"line":26,"column":19},"end":{"line":26,"column":null}},"4":{"start":{"line":27,"column":6},"end":{"line":34,"column":null}},"5":{"start":{"line":37,"column":17},"end":{"line":37,"column":null}},"6":{"start":{"line":38,"column":19},"end":{"line":38,"column":null}},"7":{"start":{"line":39,"column":6},"end":{"line":46,"column":null}},"8":{"start":{"line":58,"column":18},"end":{"line":58,"column":null}},"9":{"start":{"line":60,"column":41},"end":{"line":65,"column":null}},"10":{"start":{"line":60,"column":77},"end":{"line":65,"column":4}},"11":{"start":{"line":67,"column":23},"end":{"line":69,"column":null}},"12":{"start":{"line":68,"column":4},"end":{"line":68,"column":null}},"13":{"start":{"line":71,"column":17},"end":{"line":71,"column":null}},"14":{"start":{"line":71,"column":44},"end":{"line":71,"column":51}},"15":{"start":{"line":72,"column":15},"end":{"line":72,"column":null}},"16":{"start":{"line":74,"column":21},"end":{"line":77,"column":null}},"17":{"start":{"line":78,"column":2},"end":{"line":83,"column":null}},"18":{"start":{"line":79,"column":4},"end":{"line":79,"column":null}},"19":{"start":{"line":80,"column":4},"end":{"line":82,"column":null}},"20":{"start":{"line":81,"column":6},"end":{"line":81,"column":null}},"21":{"start":{"line":85,"column":2},"end":{"line":103,"column":null}},"22":{"start":{"line":107,"column":16},"end":{"line":107,"column":null}},"23":{"start":{"line":108,"column":2},"end":{"line":108,"column":null}}},"fnMap":{"0":{"name":"evaluateObservation","decl":{"start":{"line":9,"column":9},"end":{"line":9,"column":null}},"loc":{"start":{"line":12,"column":32},"end":{"line":49,"column":null}},"line":12},"1":{"name":"runFixture","decl":{"start":{"line":57,"column":16},"end":{"line":57,"column":27}},"loc":{"start":{"line":57,"column":78},"end":{"line":104,"column":null}},"line":57},"2":{"name":"(anonymous_2)","decl":{"start":{"line":60,"column":59},"end":{"line":60,"column":60}},"loc":{"start":{"line":60,"column":77},"end":{"line":65,"column":4}},"line":60},"3":{"name":"(anonymous_3)","decl":{"start":{"line":67,"column":48},"end":{"line":67,"column":49}},"loc":{"start":{"line":68,"column":4},"end":{"line":68,"column":null}},"line":68},"4":{"name":"(anonymous_4)","decl":{"start":{"line":71,"column":37},"end":{"line":71,"column":38}},"loc":{"start":{"line":71,"column":44},"end":{"line":71,"column":51}},"line":71},"5":{"name":"extractTitle","decl":{"start":{"line":106,"column":9},"end":{"line":106,"column":22}},"loc":{"start":{"line":106,"column":44},"end":{"line":109,"column":null}},"line":106}},"branchMap":{"0":{"loc":{"start":{"line":13,"column":2},"end":{"line":48,"column":null}},"type":"switch","locations":[{"start":{"line":14,"column":4},"end":{"line":24,"column":null}},{"start":{"line":25,"column":4},"end":{"line":35,"column":null}},{"start":{"line":36,"column":4},"end":{"line":47,"column":null}}],"line":13},"1":{"loc":{"start":{"line":20,"column":16},"end":{"line":22,"column":null}},"type":"cond-expr","locations":[{"start":{"line":21,"column":12},"end":{"line":21,"column":null}},{"start":{"line":22,"column":12},"end":{"line":22,"column":null}}],"line":20},"2":{"loc":{"start":{"line":31,"column":16},"end":{"line":33,"column":null}},"type":"cond-expr","locations":[{"start":{"line":32,"column":12},"end":{"line":32,"column":null}},{"start":{"line":33,"column":12},"end":{"line":33,"column":null}}],"line":31},"3":{"loc":{"start":{"line":37,"column":49},"end":{"line":37,"column":72}},"type":"binary-expr","locations":[{"start":{"line":37,"column":49},"end":{"line":37,"column":70}},{"start":{"line":37,"column":70},"end":{"line":37,"column":72}}],"line":37},"4":{"loc":{"start":{"line":43,"column":16},"end":{"line":45,"column":null}},"type":"cond-expr","locations":[{"start":{"line":44,"column":12},"end":{"line":44,"column":null}},{"start":{"line":45,"column":12},"end":{"line":45,"column":null}}],"line":43},"5":{"loc":{"start":{"line":44,"column":47},"end":{"line":44,"column":70}},"type":"binary-expr","locations":[{"start":{"line":44,"column":47},"end":{"line":44,"column":68}},{"start":{"line":44,"column":68},"end":{"line":44,"column":70}}],"line":44},"6":{"loc":{"start":{"line":45,"column":66},"end":{"line":45,"column":89}},"type":"binary-expr","locations":[{"start":{"line":45,"column":66},"end":{"line":45,"column":87}},{"start":{"line":45,"column":87},"end":{"line":45,"column":89}}],"line":45},"7":{"loc":{"start":{"line":78,"column":2},"end":{"line":83,"column":null}},"type":"if","locations":[{"start":{"line":78,"column":2},"end":{"line":83,"column":null}},{"start":{},"end":{}}],"line":78},"8":{"loc":{"start":{"line":108,"column":9},"end":{"line":108,"column":null}},"type":"cond-expr","locations":[{"start":{"line":108,"column":17},"end":{"line":108,"column":35}},{"start":{"line":108,"column":35},"end":{"line":108,"column":null}}],"line":108}},"s":{"0":20,"1":11,"2":11,"3":4,"4":4,"5":5,"6":5,"7":5,"8":15,"9":15,"10":6,"11":15,"12":20,"13":15,"14":20,"15":15,"16":15,"17":15,"18":4,"19":4,"20":6,"21":15,"22":15,"23":15},"f":{"0":20,"1":15,"2":6,"3":20,"4":20,"5":15},"b":{"0":[11,4,5],"1":[8,3],"2":[2,2],"3":[5,4],"4":[4,1],"5":[4,3],"6":[1,1],"7":[4,11],"8":[4,11]},"meta":{"lastBranch":9,"lastFunction":6,"lastStatement":24,"seen":{"f:9:9:9:Infinity":0,"b:14:4:24:Infinity:25:4:35:Infinity:36:4:47:Infinity":0,"s:13:2:48:Infinity":0,"s:15:19:15:Infinity":1,"s:16:6:23:Infinity":2,"b:21:12:21:Infinity:22:12:22:Infinity":1,"s:26:19:26:Infinity":3,"s:27:6:34:Infinity":4,"b:32:12:32:Infinity:33:12:33:Infinity":2,"s:37:17:37:Infinity":5,"b:37:49:37:70:37:70:37:72":3,"s:38:19:38:Infinity":6,"s:39:6:46:Infinity":7,"b:44:12:44:Infinity:45:12:45:Infinity":4,"b:44:47:44:68:44:68:44:70":5,"b:45:66:45:87:45:87:45:89":6,"f:57:16:57:27":1,"s:58:18:58:Infinity":8,"s:60:41:65:Infinity":9,"f:60:59:60:60":2,"s:60:77:65:4":10,"s:67:23:69:Infinity":11,"f:67:48:67:49":3,"s:68:4:68:Infinity":12,"s:71:17:71:Infinity":13,"f:71:37:71:38":4,"s:71:44:71:51":14,"s:72:15:72:Infinity":15,"s:74:21:77:Infinity":16,"b:78:2:83:Infinity:undefined:undefined:undefined:undefined":7,"s:78:2:83:Infinity":17,"s:79:4:79:Infinity":18,"s:80:4:82:Infinity":19,"s:81:6:81:Infinity":20,"s:85:2:103:Infinity":21,"f:106:9:106:22":5,"s:107:16:107:Infinity":22,"s:108:2:108:Infinity":23,"b:108:17:108:35:108:35:108:Infinity":8},"fnNames":{}}}
,"/Users/sarthak/Desktop/fleet/codevetter/apps/desktop/src/lib/synthetic-qa/loops.ts": {"path":"/Users/sarthak/Desktop/fleet/codevetter/apps/desktop/src/lib/synthetic-qa/loops.ts","statementMap":{"0":{"start":{"line":4,"column":59},"end":{"line":11,"column":null}},"1":{"start":{"line":13,"column":54},"end":{"line":20,"column":null}},"2":{"start":{"line":22,"column":56},"end":{"line":25,"column":null}},"3":{"start":{"line":28,"column":2},"end":{"line":28,"column":null}},"4":{"start":{"line":28,"column":43},"end":{"line":28,"column":57}}},"fnMap":{"0":{"name":"getSyntheticQaLoop","decl":{"start":{"line":27,"column":16},"end":{"line":27,"column":35}},"loc":{"start":{"line":27,"column":79},"end":{"line":29,"column":null}},"line":27},"1":{"name":"(anonymous_1)","decl":{"start":{"line":28,"column":33},"end":{"line":28,"column":34}},"loc":{"start":{"line":28,"column":43},"end":{"line":28,"column":57}},"line":28}},"branchMap":{},"s":{"0":1,"1":1,"2":1,"3":4,"4":7},"f":{"0":4,"1":7},"b":{},"meta":{"lastBranch":0,"lastFunction":2,"lastStatement":5,"seen":{"s:4:59:11:Infinity":0,"s:13:54:20:Infinity":1,"s:22:56:25:Infinity":2,"f:27:16:27:35":0,"s:28:2:28:Infinity":3,"f:28:33:28:34":1,"s:28:43:28:57":4},"fnNames":{}}}
,"/Users/sarthak/Desktop/fleet/codevetter/apps/desktop/src/lib/synthetic-qa/run-fixture-cli.ts": {"path":"/Users/sarthak/Desktop/fleet/codevetter/apps/desktop/src/lib/synthetic-qa/run-fixture-cli.ts","statementMap":{"0":{"start":{"line":8,"column":14},"end":{"line":8,"column":null}},"1":{"start":{"line":8,"column":47},"end":{"line":8,"column":76}},"2":{"start":{"line":9,"column":2},"end":{"line":20,"column":null}},"3":{"start":{"line":21,"column":2},"end":{"line":21,"column":null}},"4":{"start":{"line":30,"column":17},"end":{"line":30,"column":null}},"5":{"start":{"line":31,"column":2},"end":{"line":31,"column":null}},"6":{"start":{"line":32,"column":2},"end":{"line":32,"column":null}},"7":{"start":{"line":33,"column":2},"end":{"line":33,"column":null}},"8":{"start":{"line":34,"column":2},"end":{"line":34,"column":null}},"9":{"start":{"line":38,"column":21},"end":{"line":38,"column":null}},"10":{"start":{"line":39,"column":2},"end":{"line":39,"column":null}},"11":{"start":{"line":39,"column":19},"end":{"line":39,"column":null}},"12":{"start":{"line":42,"column":4},"end":{"line":42,"column":null}},"13":{"start":{"line":44,"column":18},"end":{"line":44,"column":null}},"14":{"start":{"line":45,"column":19},"end":{"line":45,"column":null}},"15":{"start":{"line":47,"column":2},"end":{"line":50,"column":null}},"16":{"start":{"line":48,"column":4},"end":{"line":48,"column":null}},"17":{"start":{"line":49,"column":4},"end":{"line":49,"column":null}},"18":{"start":{"line":52,"column":18},"end":{"line":63,"column":null}},"19":{"start":{"line":53,"column":10},"end":{"line":53,"column":null}},"20":{"start":{"line":54,"column":19},"end":{"line":54,"column":null}},"21":{"start":{"line":55,"column":4},"end":{"line":62,"column":null}},"22":{"start":{"line":61,"column":62},"end":{"line":61,"column":69}},"23":{"start":{"line":65,"column":2},"end":{"line":65,"column":null}},"24":{"start":{"line":66,"column":2},"end":{"line":66,"column":null}},"25":{"start":{"line":68,"column":20},"end":{"line":68,"column":null}},"26":{"start":{"line":68,"column":40},"end":{"line":68,"column":47}},"27":{"start":{"line":72,"column":2},"end":{"line":74,"column":null}},"28":{"start":{"line":73,"column":4},"end":{"line":73,"column":null}},"29":{"start":{"line":77,"column":0},"end":{"line":77,"column":null}}},"fnMap":{"0":{"name":"usage","decl":{"start":{"line":7,"column":9},"end":{"line":7,"column":24}},"loc":{"start":{"line":7,"column":24},"end":{"line":22,"column":null}},"line":7},"1":{"name":"(anonymous_1)","decl":{"start":{"line":8,"column":40},"end":{"line":8,"column":41}},"loc":{"start":{"line":8,"column":47},"end":{"line":8,"column":76}},"line":8},"2":{"name":"writeArtifacts","decl":{"start":{"line":24,"column":9},"end":{"line":24,"column":null}},"loc":{"start":{"line":29,"column":10},"end":{"line":35,"column":null}},"line":29},"3":{"name":"main","decl":{"start":{"line":37,"column":9},"end":{"line":37,"column":16}},"loc":{"start":{"line":37,"column":16},"end":{"line":75,"column":null}},"line":37},"4":{"name":"(anonymous_4)","decl":{"start":{"line":52,"column":31},"end":{"line":52,"column":32}},"loc":{"start":{"line":52,"column":44},"end":{"line":63,"column":3}},"line":52},"5":{"name":"(anonymous_5)","decl":{"start":{"line":61,"column":55},"end":{"line":61,"column":56}},"loc":{"start":{"line":61,"column":62},"end":{"line":61,"column":69}},"line":61},"6":{"name":"(anonymous_6)","decl":{"start":{"line":68,"column":33},"end":{"line":68,"column":34}},"loc":{"start":{"line":68,"column":40},"end":{"line":68,"column":47}},"line":68}},"branchMap":{"0":{"loc":{"start":{"line":39,"column":2},"end":{"line":39,"column":null}},"type":"if","locations":[{"start":{"line":39,"column":2},"end":{"line":39,"column":null}},{"start":{},"end":{}}],"line":39},"1":{"loc":{"start":{"line":42,"column":4},"end":{"line":42,"column":null}},"type":"binary-expr","locations":[{"start":{"line":42,"column":4},"end":{"line":42,"column":23}},{"start":{"line":42,"column":23},"end":{"line":42,"column":null}}],"line":42},"2":{"loc":{"start":{"line":44,"column":18},"end":{"line":44,"column":null}},"type":"cond-expr","locations":[{"start":{"line":44,"column":41},"end":{"line":44,"column":48}},{"start":{"line":44,"column":41},"end":{"line":44,"column":null}}],"line":44},"3":{"loc":{"start":{"line":45,"column":19},"end":{"line":45,"column":null}},"type":"cond-expr","locations":[{"start":{"line":45,"column":42},"end":{"line":45,"column":66}},{"start":{"line":45,"column":66},"end":{"line":45,"column":null}}],"line":45},"4":{"loc":{"start":{"line":45,"column":66},"end":{"line":45,"column":null}},"type":"cond-expr","locations":[{"start":{"line":45,"column":76},"end":{"line":45,"column":88}},{"start":{"line":45,"column":88},"end":{"line":45,"column":null}}],"line":45},"5":{"loc":{"start":{"line":47,"column":2},"end":{"line":50,"column":null}},"type":"if","locations":[{"start":{"line":47,"column":2},"end":{"line":50,"column":null}},{"start":{},"end":{}}],"line":47},"6":{"loc":{"start":{"line":60,"column":20},"end":{"line":60,"column":null}},"type":"binary-expr","locations":[{"start":{"line":60,"column":20},"end":{"line":60,"column":51}},{"start":{"line":60,"column":51},"end":{"line":60,"column":null}}],"line":60},"7":{"loc":{"start":{"line":61,"column":27},"end":{"line":61,"column":null}},"type":"binary-expr","locations":[{"start":{"line":61,"column":27},"end":{"line":61,"column":81}},{"start":{"line":61,"column":81},"end":{"line":61,"column":null}}],"line":61},"8":{"loc":{"start":{"line":72,"column":2},"end":{"line":74,"column":null}},"type":"if","locations":[{"start":{"line":72,"column":2},"end":{"line":74,"column":null}},{"start":{},"end":{}}],"line":72},"9":{"loc":{"start":{"line":72,"column":6},"end":{"line":72,"column":41}},"type":"binary-expr","locations":[{"start":{"line":72,"column":6},"end":{"line":72,"column":30}},{"start":{"line":72,"column":30},"end":{"line":72,"column":41}}],"line":72}},"s":{"0":0,"1":0,"2":0,"3":0,"4":0,"5":0,"6":0,"7":0,"8":0,"9":0,"10":0,"11":0,"12":0,"13":0,"14":0,"15":0,"16":0,"17":0,"18":0,"19":0,"20":0,"21":0,"22":0,"23":0,"24":0,"25":0,"26":0,"27":0,"28":0,"29":0},"f":{"0":0,"1":0,"2":0,"3":0,"4":0,"5":0,"6":0},"b":{"0":[0,0],"1":[0,0],"2":[0,0],"3":[0,0],"4":[0,0],"5":[0,0],"6":[0,0],"7":[0,0],"8":[0,0],"9":[0,0]},"meta":{"lastBranch":10,"lastFunction":7,"lastStatement":30,"seen":{"f:7:9:7:24":0,"s:8:14:8:Infinity":0,"f:8:40:8:41":1,"s:8:47:8:76":1,"s:9:2:20:Infinity":2,"s:21:2:21:Infinity":3,"f:24:9:24:Infinity":2,"s:30:17:30:Infinity":4,"s:31:2:31:Infinity":5,"s:32:2:32:Infinity":6,"s:33:2:33:Infinity":7,"s:34:2:34:Infinity":8,"f:37:9:37:16":3,"s:38:21:38:Infinity":9,"b:39:2:39:Infinity:undefined:undefined:undefined:undefined":0,"s:39:2:39:Infinity":10,"s:39:19:39:Infinity":11,"s:42:4:42:Infinity":12,"b:42:4:42:23:42:23:42:Infinity":1,"s:44:18:44:Infinity":13,"b:44:41:44:48:44:41:44:Infinity":2,"s:45:19:45:Infinity":14,"b:45:42:45:66:45:66:45:Infinity":3,"b:45:76:45:88:45:88:45:Infinity":4,"b:47:2:50:Infinity:undefined:undefined:undefined:undefined":5,"s:47:2:50:Infinity":15,"s:48:4:48:Infinity":16,"s:49:4:49:Infinity":17,"s:52:18:63:Infinity":18,"f:52:31:52:32":4,"s:53:10:53:Infinity":19,"s:54:19:54:Infinity":20,"s:55:4:62:Infinity":21,"b:60:20:60:51:60:51:60:Infinity":6,"b:61:27:61:81:61:81:61:Infinity":7,"f:61:55:61:56":5,"s:61:62:61:69":22,"s:65:2:65:Infinity":23,"s:66:2:66:Infinity":24,"s:68:20:68:Infinity":25,"f:68:33:68:34":6,"s:68:40:68:47":26,"b:72:2:74:Infinity:undefined:undefined:undefined:undefined":8,"s:72:2:74:Infinity":27,"b:72:6:72:30:72:30:72:41":9,"s:73:4:73:Infinity":28,"s:77:0:77:Infinity":29},"fnNames":{}}}
,"/Users/sarthak/Desktop/fleet/codevetter/apps/desktop/src/lib/synthetic-qa/types.ts": {"path":"/Users/sarthak/Desktop/fleet/codevetter/apps/desktop/src/lib/synthetic-qa/types.ts","statementMap":{},"fnMap":{},"branchMap":{},"s":{},"f":{},"b":{},"meta":{"lastBranch":0,"lastFunction":0,"lastStatement":0,"seen":{},"fnNames":{}}}
,"/Users/sarthak/Desktop/fleet/codevetter/apps/desktop/src/lib/synthetic-qa/fixtures/review-broken.ts": {"path":"/Users/sarthak/Desktop/fleet/codevetter/apps/desktop/src/lib/synthetic-qa/fixtures/review-broken.ts","statementMap":{"0":{"start":{"line":9,"column":22},"end":{"line":9,"column":null}},"1":{"start":{"line":33,"column":57},"end":{"line":90,"column":null}}},"fnMap":{},"branchMap":{},"s":{"0":1,"1":1},"f":{},"b":{},"meta":{"lastBranch":0,"lastFunction":0,"lastStatement":2,"seen":{"s:9:22:9:Infinity":0,"s:33:57:90:Infinity":1},"fnNames":{}}}
,"/Users/sarthak/Desktop/fleet/codevetter/apps/desktop/src/lib/synthetic-qa/fixtures/review-happy.ts": {"path":"/Users/sarthak/Desktop/fleet/codevetter/apps/desktop/src/lib/synthetic-qa/fixtures/review-happy.ts","statementMap":{"0":{"start":{"line":9,"column":22},"end":{"line":9,"column":null}},"1":{"start":{"line":33,"column":56},"end":{"line":91,"column":null}}},"fnMap":{},"branchMap":{},"s":{"0":1,"1":1},"f":{},"b":{},"meta":{"lastBranch":0,"lastFunction":0,"lastStatement":2,"seen":{"s:9:22:9:Infinity":0,"s:33:56:91:Infinity":1},"fnNames":{}}}
}
